[1.458s] Invoking command in '/workspace/src/ur5_gazebo': PYTHONPATH=/workspace/build/ur5_gazebo/prefix_override:/usr/lib/python3/dist-packages/colcon_core/task/python/colcon_distutils_commands:/workspace/install/ur5_gazebo/lib/python3.10/site-packages:${PYTHONPATH} /usr/bin/python3 -W ignore:setup.py install is deprecated -W ignore:easy_install command is deprecated setup.py egg_info --egg-base ../../build/ur5_gazebo build --build-base /workspace/build/ur5_gazebo/build install --record /workspace/build/ur5_gazebo/install.log --single-version-externally-managed install_data
[1.835s] running egg_info
[1.836s] writing ../../build/ur5_gazebo/ur5_gazebo.egg-info/PKG-INFO
[1.838s] writing dependency_links to ../../build/ur5_gazebo/ur5_gazebo.egg-info/dependency_links.txt
[1.841s] writing entry points to ../../build/ur5_gazebo/ur5_gazebo.egg-info/entry_points.txt
[1.842s] writing requirements to ../../build/ur5_gazebo/ur5_gazebo.egg-info/requires.txt
[1.843s] writing top-level names to ../../build/ur5_gazebo/ur5_gazebo.egg-info/top_level.txt
[1.851s] reading manifest file '../../build/ur5_gazebo/ur5_gazebo.egg-info/SOURCES.txt'
[1.855s] writing manifest file '../../build/ur5_gazebo/ur5_gazebo.egg-info/SOURCES.txt'
[1.856s] running build
[1.856s] running build_py
[1.859s] running install
[1.860s] running install_lib
[1.869s] running install_data
[1.873s] running install_egg_info
[1.876s] removing '/workspace/install/ur5_gazebo/lib/python3.10/site-packages/ur5_gazebo-0.0.0-py3.10.egg-info' (and everything under it)
[1.883s] Copying ../../build/ur5_gazebo/ur5_gazebo.egg-info to /workspace/install/ur5_gazebo/lib/python3.10/site-packages/ur5_gazebo-0.0.0-py3.10.egg-info
[1.911s] running install_scripts
[1.948s] Installing bc_policy_controller script to /workspace/install/ur5_gazebo/bin
[1.950s] Installing camera_detector script to /workspace/install/ur5_gazebo/bin
[1.952s] Installing comparison_evaluator script to /workspace/install/ur5_gazebo/bin
[1.954s] Installing demo_recorder script to /workspace/install/ur5_gazebo/bin
[1.957s] Installing pick_place_controller script to /workspace/install/ur5_gazebo/bin
[1.959s] writing list of installed files to '/workspace/build/ur5_gazebo/install.log'
[1.990s] Invoked command in '/workspace/src/ur5_gazebo' returned '0': PYTHONPATH=/workspace/build/ur5_gazebo/prefix_override:/usr/lib/python3/dist-packages/colcon_core/task/python/colcon_distutils_commands:/workspace/install/ur5_gazebo/lib/python3.10/site-packages:${PYTHONPATH} /usr/bin/python3 -W ignore:setup.py install is deprecated -W ignore:easy_install command is deprecated setup.py egg_info --egg-base ../../build/ur5_gazebo build --build-base /workspace/build/ur5_gazebo/build install --record /workspace/build/ur5_gazebo/install.log --single-version-externally-managed install_data
