[1.393s] Invoking command in '/workspace/src/ur5_gazebo': PYTHONPATH=/workspace/build/ur5_gazebo/prefix_override:/usr/lib/python3/dist-packages/colcon_core/task/python/colcon_distutils_commands:/workspace/install/ur5_gazebo/lib/python3.10/site-packages:${PYTHONPATH} /usr/bin/python3 -W ignore:setup.py install is deprecated -W ignore:easy_install command is deprecated setup.py egg_info --egg-base ../../build/ur5_gazebo build --build-base /workspace/build/ur5_gazebo/build install --record /workspace/build/ur5_gazebo/install.log --single-version-externally-managed install_data
[1.804s] running egg_info
[1.805s] writing ../../build/ur5_gazebo/ur5_gazebo.egg-info/PKG-INFO
[1.807s] writing dependency_links to ../../build/ur5_gazebo/ur5_gazebo.egg-info/dependency_links.txt
[1.809s] writing entry points to ../../build/ur5_gazebo/ur5_gazebo.egg-info/entry_points.txt
[1.812s] writing requirements to ../../build/ur5_gazebo/ur5_gazebo.egg-info/requires.txt
[1.821s] writing top-level names to ../../build/ur5_gazebo/ur5_gazebo.egg-info/top_level.txt
[1.863s] reading manifest file '../../build/ur5_gazebo/ur5_gazebo.egg-info/SOURCES.txt'
[1.868s] writing manifest file '../../build/ur5_gazebo/ur5_gazebo.egg-info/SOURCES.txt'
[1.870s] running build
[1.871s] running build_py
[1.875s] running install
[1.877s] running install_lib
[1.886s] running install_data
[1.887s] copying launch/ur5.launch.py -> /workspace/install/ur5_gazebo/share/ur5_gazebo/launch
[1.893s] running install_egg_info
[1.895s] removing '/workspace/install/ur5_gazebo/lib/python3.10/site-packages/ur5_gazebo-0.0.0-py3.10.egg-info' (and everything under it)
[1.898s] Copying ../../build/ur5_gazebo/ur5_gazebo.egg-info to /workspace/install/ur5_gazebo/lib/python3.10/site-packages/ur5_gazebo-0.0.0-py3.10.egg-info
[1.905s] error: [Errno 2] No such file or directory: '/workspace/install/ur5_gazebo/lib/python3.10/site-packages/ur5_gazebo-0.0.0-py3.10.egg-info/zip-safe'
[1.929s] Invoked command in '/workspace/src/ur5_gazebo' returned '1': PYTHONPATH=/workspace/build/ur5_gazebo/prefix_override:/usr/lib/python3/dist-packages/colcon_core/task/python/colcon_distutils_commands:/workspace/install/ur5_gazebo/lib/python3.10/site-packages:${PYTHONPATH} /usr/bin/python3 -W ignore:setup.py install is deprecated -W ignore:easy_install command is deprecated setup.py egg_info --egg-base ../../build/ur5_gazebo build --build-base /workspace/build/ur5_gazebo/build install --record /workspace/build/ur5_gazebo/install.log --single-version-externally-managed install_data
