running egg_info
creating ../../build/ur5_moveit_config/ur5_moveit_config.egg-info
writing ../../build/ur5_moveit_config/ur5_moveit_config.egg-info/PKG-INFO
writing dependency_links to ../../build/ur5_moveit_config/ur5_moveit_config.egg-info/dependency_links.txt
writing entry points to ../../build/ur5_moveit_config/ur5_moveit_config.egg-info/entry_points.txt
writing requirements to ../../build/ur5_moveit_config/ur5_moveit_config.egg-info/requires.txt
writing top-level names to ../../build/ur5_moveit_config/ur5_moveit_config.egg-info/top_level.txt
writing manifest file '../../build/ur5_moveit_config/ur5_moveit_config.egg-info/SOURCES.txt'
reading manifest file '../../build/ur5_moveit_config/ur5_moveit_config.egg-info/SOURCES.txt'
writing manifest file '../../build/ur5_moveit_config/ur5_moveit_config.egg-info/SOURCES.txt'
running build
running build_py
creating /workspace/build/ur5_moveit_config/build
creating /workspace/build/ur5_moveit_config/build/lib
creating /workspace/build/ur5_moveit_config/build/lib/ur5_moveit_config
copying ur5_moveit_config/__init__.py -> /workspace/build/ur5_moveit_config/build/lib/ur5_moveit_config
running install
running install_lib
creating /workspace/install/ur5_moveit_config/lib/python3.10/site-packages/ur5_moveit_config
copying /workspace/build/ur5_moveit_config/build/lib/ur5_moveit_config/__init__.py -> /workspace/install/ur5_moveit_config/lib/python3.10/site-packages/ur5_moveit_config
byte-compiling /workspace/install/ur5_moveit_config/lib/python3.10/site-packages/ur5_moveit_config/__init__.py to __init__.cpython-310.pyc
running install_data
creating /workspace/install/ur5_moveit_config/share/ament_index
creating /workspace/install/ur5_moveit_config/share/ament_index/resource_index
creating /workspace/install/ur5_moveit_config/share/ament_index/resource_index/packages
copying resource/ur5_moveit_config -> /workspace/install/ur5_moveit_config/share/ament_index/resource_index/packages
copying package.xml -> /workspace/install/ur5_moveit_config/share/ur5_moveit_config
creating /workspace/install/ur5_moveit_config/share/ur5_moveit_config/launch
copying launch/rviz.launch.py -> /workspace/install/ur5_moveit_config/share/ur5_moveit_config/launch
copying launch/moveit.launch.py -> /workspace/install/ur5_moveit_config/share/ur5_moveit_config/launch
creating /workspace/install/ur5_moveit_config/share/ur5_moveit_config/config
copying config/joint_limits.yaml -> /workspace/install/ur5_moveit_config/share/ur5_moveit_config/config
copying config/kinematics.yaml -> /workspace/install/ur5_moveit_config/share/ur5_moveit_config/config
copying config/ompl_planning.yaml -> /workspace/install/ur5_moveit_config/share/ur5_moveit_config/config
copying config/ur5.srdf -> /workspace/install/ur5_moveit_config/share/ur5_moveit_config/config
copying config/moveit.rviz -> /workspace/install/ur5_moveit_config/share/ur5_moveit_config/config
running install_egg_info
Copying ../../build/ur5_moveit_config/ur5_moveit_config.egg-info to /workspace/install/ur5_moveit_config/lib/python3.10/site-packages/ur5_moveit_config-0.0.0-py3.10.egg-info
running install_scripts
writing list of installed files to '/workspace/build/ur5_moveit_config/install.log'
