[1.415s] Invoking command in '/workspace/src/ur5_moveit_config': PYTHONPATH=/workspace/build/ur5_moveit_config/prefix_override:/usr/lib/python3/dist-packages/colcon_core/task/python/colcon_distutils_commands:/workspace/install/ur5_moveit_config/lib/python3.10/site-packages:${PYTHONPATH} /usr/bin/python3 -W ignore:setup.py install is deprecated -W ignore:easy_install command is deprecated setup.py egg_info --egg-base ../../build/ur5_moveit_config build --build-base /workspace/build/ur5_moveit_config/build install --record /workspace/build/ur5_moveit_config/install.log --single-version-externally-managed install_data
[1.816s] running egg_info
[1.818s] creating ../../build/ur5_moveit_config/ur5_moveit_config.egg-info
[1.822s] writing ../../build/ur5_moveit_config/ur5_moveit_config.egg-info/PKG-INFO
[1.826s] writing dependency_links to ../../build/ur5_moveit_config/ur5_moveit_config.egg-info/dependency_links.txt
[1.828s] writing entry points to ../../build/ur5_moveit_config/ur5_moveit_config.egg-info/entry_points.txt
[1.832s] writing requirements to ../../build/ur5_moveit_config/ur5_moveit_config.egg-info/requires.txt
[1.834s] writing top-level names to ../../build/ur5_moveit_config/ur5_moveit_config.egg-info/top_level.txt
[1.836s] writing manifest file '../../build/ur5_moveit_config/ur5_moveit_config.egg-info/SOURCES.txt'
[1.845s] reading manifest file '../../build/ur5_moveit_config/ur5_moveit_config.egg-info/SOURCES.txt'
[1.850s] writing manifest file '../../build/ur5_moveit_config/ur5_moveit_config.egg-info/SOURCES.txt'
[1.850s] running build
[1.851s] running build_py
[1.853s] creating /workspace/build/ur5_moveit_config/build
[1.854s] creating /workspace/build/ur5_moveit_config/build/lib
[1.855s] creating /workspace/build/ur5_moveit_config/build/lib/ur5_moveit_config
[1.856s] copying ur5_moveit_config/__init__.py -> /workspace/build/ur5_moveit_config/build/lib/ur5_moveit_config
[1.858s] running install
[1.859s] running install_lib
[1.860s] creating /workspace/install/ur5_moveit_config/lib/python3.10/site-packages/ur5_moveit_config
[1.863s] copying /workspace/build/ur5_moveit_config/build/lib/ur5_moveit_config/__init__.py -> /workspace/install/ur5_moveit_config/lib/python3.10/site-packages/ur5_moveit_config
[1.869s] byte-compiling /workspace/install/ur5_moveit_config/lib/python3.10/site-packages/ur5_moveit_config/__init__.py to __init__.cpython-310.pyc
[1.872s] running install_data
[1.874s] creating /workspace/install/ur5_moveit_config/share/ament_index
[1.875s] creating /workspace/install/ur5_moveit_config/share/ament_index/resource_index
[1.877s] creating /workspace/install/ur5_moveit_config/share/ament_index/resource_index/packages
[1.878s] copying resource/ur5_moveit_config -> /workspace/install/ur5_moveit_config/share/ament_index/resource_index/packages
[1.880s] copying package.xml -> /workspace/install/ur5_moveit_config/share/ur5_moveit_config
[1.883s] creating /workspace/install/ur5_moveit_config/share/ur5_moveit_config/launch
[1.884s] copying launch/rviz.launch.py -> /workspace/install/ur5_moveit_config/share/ur5_moveit_config/launch
[1.887s] copying launch/moveit.launch.py -> /workspace/install/ur5_moveit_config/share/ur5_moveit_config/launch
[1.893s] creating /workspace/install/ur5_moveit_config/share/ur5_moveit_config/config
[1.894s] copying config/joint_limits.yaml -> /workspace/install/ur5_moveit_config/share/ur5_moveit_config/config
[1.896s] copying config/kinematics.yaml -> /workspace/install/ur5_moveit_config/share/ur5_moveit_config/config
[1.898s] copying config/ompl_planning.yaml -> /workspace/install/ur5_moveit_config/share/ur5_moveit_config/config
[1.901s] copying config/ur5.srdf -> /workspace/install/ur5_moveit_config/share/ur5_moveit_config/config
[1.904s] copying config/moveit.rviz -> /workspace/install/ur5_moveit_config/share/ur5_moveit_config/config
[1.908s] running install_egg_info
[1.911s] Copying ../../build/ur5_moveit_config/ur5_moveit_config.egg-info to /workspace/install/ur5_moveit_config/lib/python3.10/site-packages/ur5_moveit_config-0.0.0-py3.10.egg-info
[1.933s] running install_scripts
[1.973s] writing list of installed files to '/workspace/build/ur5_moveit_config/install.log'
[2.092s] Invoked command in '/workspace/src/ur5_moveit_config' returned '0': PYTHONPATH=/workspace/build/ur5_moveit_config/prefix_override:/usr/lib/python3/dist-packages/colcon_core/task/python/colcon_distutils_commands:/workspace/install/ur5_moveit_config/lib/python3.10/site-packages:${PYTHONPATH} /usr/bin/python3 -W ignore:setup.py install is deprecated -W ignore:easy_install command is deprecated setup.py egg_info --egg-base ../../build/ur5_moveit_config build --build-base /workspace/build/ur5_moveit_config/build install --record /workspace/build/ur5_moveit_config/install.log --single-version-externally-managed install_data
