[1.461s] Invoking command in '/workspace/src/ur5_moveit_config': PYTHONPATH=/workspace/build/ur5_moveit_config/prefix_override:/usr/lib/python3/dist-packages/colcon_core/task/python/colcon_distutils_commands:/workspace/install/ur5_moveit_config/lib/python3.10/site-packages:${PYTHONPATH} /usr/bin/python3 -W ignore:setup.py install is deprecated -W ignore:easy_install command is deprecated setup.py egg_info --egg-base ../../build/ur5_moveit_config build --build-base /workspace/build/ur5_moveit_config/build install --record /workspace/build/ur5_moveit_config/install.log --single-version-externally-managed install_data
[1.844s] running egg_info
[1.849s] writing ../../build/ur5_moveit_config/ur5_moveit_config.egg-info/PKG-INFO
[1.854s] writing dependency_links to ../../build/ur5_moveit_config/ur5_moveit_config.egg-info/dependency_links.txt
[1.855s] writing entry points to ../../build/ur5_moveit_config/ur5_moveit_config.egg-info/entry_points.txt
[1.857s] writing requirements to ../../build/ur5_moveit_config/ur5_moveit_config.egg-info/requires.txt
[1.861s] writing top-level names to ../../build/ur5_moveit_config/ur5_moveit_config.egg-info/top_level.txt
[1.866s] reading manifest file '../../build/ur5_moveit_config/ur5_moveit_config.egg-info/SOURCES.txt'
[1.868s] writing manifest file '../../build/ur5_moveit_config/ur5_moveit_config.egg-info/SOURCES.txt'
[1.871s] running build
[1.873s] running build_py
[1.880s] running install
[1.884s] running install_lib
[1.893s] running install_data
[1.894s] running install_egg_info
[1.896s] removing '/workspace/install/ur5_moveit_config/lib/python3.10/site-packages/ur5_moveit_config-0.0.0-py3.10.egg-info' (and everything under it)
[1.898s] error removing /workspace/install/ur5_moveit_config/lib/python3.10/site-packages/ur5_moveit_config-0.0.0-py3.10.egg-info: [Errno 2] No such file or directory: '/workspace/install/ur5_moveit_config/lib/python3.10/site-packages/ur5_moveit_config-0.0.0-py3.10.egg-info/PKG-INFO'
[1.900s] error removing /workspace/install/ur5_moveit_config/lib/python3.10/site-packages/ur5_moveit_config-0.0.0-py3.10.egg-info: [Errno 2] No such file or directory: '/workspace/install/ur5_moveit_config/lib/python3.10/site-packages/ur5_moveit_config-0.0.0-py3.10.egg-info/zip-safe'
[1.901s] Copying ../../build/ur5_moveit_config/ur5_moveit_config.egg-info to /workspace/install/ur5_moveit_config/lib/python3.10/site-packages/ur5_moveit_config-0.0.0-py3.10.egg-info
[1.915s] running install_scripts
[1.959s] writing list of installed files to '/workspace/build/ur5_moveit_config/install.log'
[2.068s] Invoked command in '/workspace/src/ur5_moveit_config' returned '0': PYTHONPATH=/workspace/build/ur5_moveit_config/prefix_override:/usr/lib/python3/dist-packages/colcon_core/task/python/colcon_distutils_commands:/workspace/install/ur5_moveit_config/lib/python3.10/site-packages:${PYTHONPATH} /usr/bin/python3 -W ignore:setup.py install is deprecated -W ignore:easy_install command is deprecated setup.py egg_info --egg-base ../../build/ur5_moveit_config build --build-base /workspace/build/ur5_moveit_config/build install --record /workspace/build/ur5_moveit_config/install.log --single-version-externally-managed install_data
