[0.000000] (-) TimerEvent: {}
[0.000463] (-) JobUnselected: {'identifier': 'bc_training'}
[0.002559] (ur5_gazebo) JobQueued: {'identifier': 'ur5_gazebo', 'dependencies': OrderedDict()}
[0.002935] (ur5_moveit_config) JobQueued: {'identifier': 'ur5_moveit_config', 'dependencies': OrderedDict()}
[0.004002] (ur5_gazebo) JobStarted: {'identifier': 'ur5_gazebo'}
[0.023088] (ur5_moveit_config) JobStarted: {'identifier': 'ur5_moveit_config'}
[0.097311] (-) TimerEvent: {}
[0.199256] (-) TimerEvent: {}
[0.300207] (-) TimerEvent: {}
[0.401262] (-) TimerEvent: {}
[0.502297] (-) TimerEvent: {}
[0.605202] (-) TimerEvent: {}
[0.706210] (-) TimerEvent: {}
[0.807204] (-) TimerEvent: {}
[0.910280] (-) TimerEvent: {}
[1.013274] (-) TimerEvent: {}
[1.114241] (-) TimerEvent: {}
[1.215485] (-) TimerEvent: {}
[1.316203] (-) TimerEvent: {}
[1.390414] (ur5_gazebo) Command: {'cmd': ['/usr/bin/python3', '-W', 'ignore:setup.py install is deprecated', '-W', 'ignore:easy_install command is deprecated', 'setup.py', 'egg_info', '--egg-base', '../../build/ur5_gazebo', 'build', '--build-base', '/workspace/build/ur5_gazebo/build', 'install', '--record', '/workspace/build/ur5_gazebo/install.log', '--single-version-externally-managed', 'install_data'], 'cwd': '/workspace/src/ur5_gazebo', 'env': {'HOSTNAME': 'docker-desktop', 'SHLVL': '1', 'LD_LIBRARY_PATH': '/opt/ros/humble/opt/rviz_ogre_vendor/lib:/opt/ros/humble/lib/x86_64-linux-gnu:/opt/ros/humble/lib', 'HOME': '/root', 'OLDPWD': '/', 'ROS_PYTHON_VERSION': '3', 'ROS_DISTRO': 'humble', '_': '/usr/bin/colcon', 'ROS_VERSION': '2', 'ROS_LOCALHOST_ONLY': '0', 'QT_X11_NO_MITSHM': '1', 'PATH': '/opt/ros/humble/bin:/usr/local/sbin:/usr/local/bin:/usr/sbin:/usr/bin:/sbin:/bin', 'DISPLAY': '/private/tmp/com.apple.launchd.f8ctnhmDHP/org.xquartz:0', 'LANG': 'C.UTF-8', 'AMENT_PREFIX_PATH': '/opt/ros/humble', 'PWD': '/workspace/build/ur5_gazebo', 'LC_ALL': 'C.UTF-8', 'PYTHONPATH': '/workspace/build/ur5_gazebo/prefix_override:/usr/lib/python3/dist-packages/colcon_core/task/python/colcon_distutils_commands:/workspace/install/ur5_gazebo/lib/python3.10/site-packages:/opt/ros/humble/lib/python3.10/site-packages:/opt/ros/humble/local/lib/python3.10/dist-packages', 'COLCON': '1'}, 'shell': False}
[1.417301] (-) TimerEvent: {}
[1.458493] (ur5_moveit_config) Command: {'cmd': ['/usr/bin/python3', '-W', 'ignore:setup.py install is deprecated', '-W', 'ignore:easy_install command is deprecated', 'setup.py', 'egg_info', '--egg-base', '../../build/ur5_moveit_config', 'build', '--build-base', '/workspace/build/ur5_moveit_config/build', 'install', '--record', '/workspace/build/ur5_moveit_config/install.log', '--single-version-externally-managed', 'install_data'], 'cwd': '/workspace/src/ur5_moveit_config', 'env': {'HOSTNAME': 'docker-desktop', 'SHLVL': '1', 'LD_LIBRARY_PATH': '/opt/ros/humble/opt/rviz_ogre_vendor/lib:/opt/ros/humble/lib/x86_64-linux-gnu:/opt/ros/humble/lib', 'HOME': '/root', 'OLDPWD': '/', 'ROS_PYTHON_VERSION': '3', 'ROS_DISTRO': 'humble', '_': '/usr/bin/colcon', 'ROS_VERSION': '2', 'ROS_LOCALHOST_ONLY': '0', 'QT_X11_NO_MITSHM': '1', 'PATH': '/opt/ros/humble/bin:/usr/local/sbin:/usr/local/bin:/usr/sbin:/usr/bin:/sbin:/bin', 'DISPLAY': '/private/tmp/com.apple.launchd.f8ctnhmDHP/org.xquartz:0', 'LANG': 'C.UTF-8', 'AMENT_PREFIX_PATH': '/opt/ros/humble', 'PWD': '/workspace/build/ur5_moveit_config', 'LC_ALL': 'C.UTF-8', 'PYTHONPATH': '/workspace/build/ur5_moveit_config/prefix_override:/usr/lib/python3/dist-packages/colcon_core/task/python/colcon_distutils_commands:/workspace/install/ur5_moveit_config/lib/python3.10/site-packages:/opt/ros/humble/lib/python3.10/site-packages:/opt/ros/humble/local/lib/python3.10/dist-packages', 'COLCON': '1'}, 'shell': False}
[1.518209] (-) TimerEvent: {}
[1.620219] (-) TimerEvent: {}
[1.721224] (-) TimerEvent: {}
[1.805376] (ur5_gazebo) StdoutLine: {'line': b'running egg_info\n'}
[1.808758] (ur5_gazebo) StdoutLine: {'line': b'writing ../../build/ur5_gazebo/ur5_gazebo.egg-info/PKG-INFO\n'}
[1.810126] (ur5_gazebo) StdoutLine: {'line': b'writing dependency_links to ../../build/ur5_gazebo/ur5_gazebo.egg-info/dependency_links.txt\n'}
[1.811980] (ur5_gazebo) StdoutLine: {'line': b'writing entry points to ../../build/ur5_gazebo/ur5_gazebo.egg-info/entry_points.txt\n'}
[1.814714] (ur5_gazebo) StdoutLine: {'line': b'writing requirements to ../../build/ur5_gazebo/ur5_gazebo.egg-info/requires.txt\n'}
[1.818948] (ur5_gazebo) StdoutLine: {'line': b'writing top-level names to ../../build/ur5_gazebo/ur5_gazebo.egg-info/top_level.txt\n'}
[1.826598] (-) TimerEvent: {}
[1.866220] (ur5_gazebo) StdoutLine: {'line': b"reading manifest file '../../build/ur5_gazebo/ur5_gazebo.egg-info/SOURCES.txt'\n"}
[1.870854] (ur5_gazebo) StdoutLine: {'line': b"writing manifest file '../../build/ur5_gazebo/ur5_gazebo.egg-info/SOURCES.txt'\n"}
[1.872729] (ur5_gazebo) StdoutLine: {'line': b'running build\n'}
[1.874217] (ur5_gazebo) StdoutLine: {'line': b'running build_py\n'}
[1.877175] (ur5_gazebo) StdoutLine: {'line': b'running install\n'}
[1.878971] (ur5_gazebo) StdoutLine: {'line': b'running install_lib\n'}
[1.888903] (ur5_gazebo) StdoutLine: {'line': b'running install_data\n'}
[1.890986] (ur5_gazebo) StdoutLine: {'line': b'copying launch/ur5.launch.py -> /workspace/install/ur5_gazebo/share/ur5_gazebo/launch\n'}
[1.896364] (ur5_gazebo) StdoutLine: {'line': b'running install_egg_info\n'}
[1.897960] (ur5_gazebo) StdoutLine: {'line': b"removing '/workspace/install/ur5_gazebo/lib/python3.10/site-packages/ur5_gazebo-0.0.0-py3.10.egg-info' (and everything under it)\n"}
[1.901374] (ur5_gazebo) StdoutLine: {'line': b'Copying ../../build/ur5_gazebo/ur5_gazebo.egg-info to /workspace/install/ur5_gazebo/lib/python3.10/site-packages/ur5_gazebo-0.0.0-py3.10.egg-info\n'}
[1.908441] (ur5_gazebo) StderrLine: {'line': b"error: [Errno 2] No such file or directory: '/workspace/install/ur5_gazebo/lib/python3.10/site-packages/ur5_gazebo-0.0.0-py3.10.egg-info/zip-safe'\n"}
[1.927202] (-) TimerEvent: {}
[1.932601] (ur5_gazebo) CommandEnded: {'returncode': 1}
[1.933685] (ur5_gazebo) JobEnded: {'identifier': 'ur5_gazebo', 'rc': 1}
[1.941594] (ur5_moveit_config) StdoutLine: {'line': b'running egg_info\n'}
[1.943037] (ur5_moveit_config) StdoutLine: {'line': b'writing ../../build/ur5_moveit_config/ur5_moveit_config.egg-info/PKG-INFO\n'}
[1.944166] (ur5_moveit_config) StdoutLine: {'line': b'writing dependency_links to ../../build/ur5_moveit_config/ur5_moveit_config.egg-info/dependency_links.txt\n'}
[1.946747] (ur5_moveit_config) StdoutLine: {'line': b'writing entry points to ../../build/ur5_moveit_config/ur5_moveit_config.egg-info/entry_points.txt\n'}
[1.948264] (ur5_moveit_config) StdoutLine: {'line': b'writing requirements to ../../build/ur5_moveit_config/ur5_moveit_config.egg-info/requires.txt\n'}
[1.949861] (ur5_moveit_config) StdoutLine: {'line': b'writing top-level names to ../../build/ur5_moveit_config/ur5_moveit_config.egg-info/top_level.txt\n'}
[1.956254] (ur5_moveit_config) StdoutLine: {'line': b"reading manifest file '../../build/ur5_moveit_config/ur5_moveit_config.egg-info/SOURCES.txt'\n"}
[1.959277] (ur5_moveit_config) StdoutLine: {'line': b"writing manifest file '../../build/ur5_moveit_config/ur5_moveit_config.egg-info/SOURCES.txt'\n"}
[1.960654] (ur5_moveit_config) StdoutLine: {'line': b'running build\n'}
[1.961042] (ur5_moveit_config) StdoutLine: {'line': b'running build_py\n'}
[1.962793] (ur5_moveit_config) StdoutLine: {'line': b'running install\n'}
[1.963551] (ur5_moveit_config) StdoutLine: {'line': b'running install_lib\n'}
[1.965769] (ur5_moveit_config) StdoutLine: {'line': b'running install_data\n'}
[1.970755] (ur5_moveit_config) StdoutLine: {'line': b'running install_egg_info\n'}
[1.973246] (ur5_moveit_config) StdoutLine: {'line': b"removing '/workspace/install/ur5_moveit_config/lib/python3.10/site-packages/ur5_moveit_config-0.0.0-py3.10.egg-info' (and everything under it)\n"}
[1.975115] (ur5_moveit_config) StderrLine: {'line': b"error removing /workspace/install/ur5_moveit_config/lib/python3.10/site-packages/ur5_moveit_config-0.0.0-py3.10.egg-info: [Errno 2] No such file or directory: '/workspace/install/ur5_moveit_config/lib/python3.10/site-packages/ur5_moveit_config-0.0.0-py3.10.egg-info/PKG-INFO'\n"}
[1.976877] (ur5_moveit_config) StderrLine: {'line': b"error removing /workspace/install/ur5_moveit_config/lib/python3.10/site-packages/ur5_moveit_config-0.0.0-py3.10.egg-info: [Errno 2] No such file or directory: '/workspace/install/ur5_moveit_config/lib/python3.10/site-packages/ur5_moveit_config-0.0.0-py3.10.egg-info/zip-safe'\n"}
[1.978026] (ur5_moveit_config) StderrLine: {'line': b"error removing /workspace/install/ur5_moveit_config/lib/python3.10/site-packages/ur5_moveit_config-0.0.0-py3.10.egg-info: [Errno 2] No such file or directory: '/workspace/install/ur5_moveit_config/lib/python3.10/site-packages/ur5_moveit_config-0.0.0-py3.10.egg-info/SOURCES.txt'\n"}
[1.979619] (ur5_moveit_config) StdoutLine: {'line': b'Copying ../../build/ur5_moveit_config/ur5_moveit_config.egg-info to /workspace/install/ur5_moveit_config/lib/python3.10/site-packages/ur5_moveit_config-0.0.0-py3.10.egg-info\n'}
[1.996842] (ur5_moveit_config) StdoutLine: {'line': b'running install_scripts\n'}
[2.028230] (-) TimerEvent: {}
[2.035892] (ur5_moveit_config) StdoutLine: {'line': b"writing list of installed files to '/workspace/build/ur5_moveit_config/install.log'\n"}
[2.067260] (ur5_moveit_config) JobEnded: {'identifier': 'ur5_moveit_config', 'rc': 'SIGINT'}
[2.080409] (-) EventReactorShutdown: {}
