[0.000000] (-) TimerEvent: {}
[0.001502] (-) JobUnselected: {'identifier': 'bc_training'}
[0.001722] (ur5_gazebo) JobQueued: {'identifier': 'ur5_gazebo', 'dependencies': OrderedDict()}
[0.002300] (ur5_moveit_config) JobQueued: {'identifier': 'ur5_moveit_config', 'dependencies': OrderedDict()}
[0.002435] (ur5_gazebo) JobStarted: {'identifier': 'ur5_gazebo'}
[0.015688] (ur5_moveit_config) JobStarted: {'identifier': 'ur5_moveit_config'}
[0.095403] (-) TimerEvent: {}
[0.199032] (-) TimerEvent: {}
[0.300210] (-) TimerEvent: {}
[0.408142] (-) TimerEvent: {}
[0.509664] (-) TimerEvent: {}
[0.616236] (-) TimerEvent: {}
[0.721237] (-) TimerEvent: {}
[0.822217] (-) TimerEvent: {}
[0.923265] (-) TimerEvent: {}
[1.026276] (-) TimerEvent: {}
[1.130302] (-) TimerEvent: {}
[1.232338] (-) TimerEvent: {}
[1.335211] (-) TimerEvent: {}
[1.436240] (-) TimerEvent: {}
[1.546484] (-) TimerEvent: {}
[1.590320] (ur5_gazebo) Command: {'cmd': ['/usr/bin/python3', '-W', 'ignore:setup.py install is deprecated', '-W', 'ignore:easy_install command is deprecated', 'setup.py', 'egg_info', '--egg-base', '../../build/ur5_gazebo', 'build', '--build-base', '/workspace/build/ur5_gazebo/build', 'install', '--record', '/workspace/build/ur5_gazebo/install.log', '--single-version-externally-managed', 'install_data'], 'cwd': '/workspace/src/ur5_gazebo', 'env': {'HOSTNAME': 'docker-desktop', 'SHLVL': '1', 'LD_LIBRARY_PATH': '/usr/lib/x86_64-linux-gnu/gazebo-11/plugins:/opt/ros/humble/opt/rviz_ogre_vendor/lib:/opt/ros/humble/lib/x86_64-linux-gnu:/opt/ros/humble/lib', 'HOME': '/root', 'OLDPWD': '/', 'ROS_PYTHON_VERSION': '3', 'ROS_DISTRO': 'humble', '_': '/usr/bin/colcon', 'ROS_VERSION': '2', 'ROS_LOCALHOST_ONLY': '0', 'QT_X11_NO_MITSHM': '1', 'PATH': '/opt/ros/humble/bin:/usr/local/sbin:/usr/local/bin:/usr/sbin:/usr/bin:/sbin:/bin', 'XDG_RUNTIME_DIR': '/tmp', 'DISPLAY': ':0', 'LANG': 'C.UTF-8', 'AMENT_PREFIX_PATH': '/opt/ros/humble', 'PWD': '/workspace/build/ur5_gazebo', 'LC_ALL': 'C.UTF-8', 'PYTHONPATH': '/workspace/build/ur5_gazebo/prefix_override:/usr/lib/python3/dist-packages/colcon_core/task/python/colcon_distutils_commands:/workspace/install/ur5_gazebo/lib/python3.10/site-packages:/opt/ros/humble/lib/python3.10/site-packages:/opt/ros/humble/local/lib/python3.10/dist-packages', 'COLCON': '1'}, 'shell': False}
[1.636611] (ur5_moveit_config) Command: {'cmd': ['/usr/bin/python3', '-W', 'ignore:setup.py install is deprecated', '-W', 'ignore:easy_install command is deprecated', 'setup.py', 'egg_info', '--egg-base', '../../build/ur5_moveit_config', 'build', '--build-base', '/workspace/build/ur5_moveit_config/build', 'install', '--record', '/workspace/build/ur5_moveit_config/install.log', '--single-version-externally-managed', 'install_data'], 'cwd': '/workspace/src/ur5_moveit_config', 'env': {'HOSTNAME': 'docker-desktop', 'SHLVL': '1', 'LD_LIBRARY_PATH': '/usr/lib/x86_64-linux-gnu/gazebo-11/plugins:/opt/ros/humble/opt/rviz_ogre_vendor/lib:/opt/ros/humble/lib/x86_64-linux-gnu:/opt/ros/humble/lib', 'HOME': '/root', 'OLDPWD': '/', 'ROS_PYTHON_VERSION': '3', 'ROS_DISTRO': 'humble', '_': '/usr/bin/colcon', 'ROS_VERSION': '2', 'ROS_LOCALHOST_ONLY': '0', 'QT_X11_NO_MITSHM': '1', 'PATH': '/opt/ros/humble/bin:/usr/local/sbin:/usr/local/bin:/usr/sbin:/usr/bin:/sbin:/bin', 'XDG_RUNTIME_DIR': '/tmp', 'DISPLAY': ':0', 'LANG': 'C.UTF-8', 'AMENT_PREFIX_PATH': '/opt/ros/humble', 'PWD': '/workspace/build/ur5_moveit_config', 'LC_ALL': 'C.UTF-8', 'PYTHONPATH': '/workspace/build/ur5_moveit_config/prefix_override:/usr/lib/python3/dist-packages/colcon_core/task/python/colcon_distutils_commands:/workspace/install/ur5_moveit_config/lib/python3.10/site-packages:/opt/ros/humble/lib/python3.10/site-packages:/opt/ros/humble/local/lib/python3.10/dist-packages', 'COLCON': '1'}, 'shell': False}
[1.649329] (-) TimerEvent: {}
[1.750213] (-) TimerEvent: {}
[1.851207] (-) TimerEvent: {}
[1.952291] (-) TimerEvent: {}
[1.971058] (ur5_gazebo) StdoutLine: {'line': b'running egg_info\n'}
[1.972887] (ur5_gazebo) StdoutLine: {'line': b'writing ../../build/ur5_gazebo/ur5_gazebo.egg-info/PKG-INFO\n'}
[1.973745] (ur5_gazebo) StdoutLine: {'line': b'writing dependency_links to ../../build/ur5_gazebo/ur5_gazebo.egg-info/dependency_links.txt\n'}
[1.974669] (ur5_gazebo) StdoutLine: {'line': b'writing entry points to ../../build/ur5_gazebo/ur5_gazebo.egg-info/entry_points.txt\n'}
[1.975916] (ur5_gazebo) StdoutLine: {'line': b'writing requirements to ../../build/ur5_gazebo/ur5_gazebo.egg-info/requires.txt\n'}
[1.976664] (ur5_gazebo) StdoutLine: {'line': b'writing top-level names to ../../build/ur5_gazebo/ur5_gazebo.egg-info/top_level.txt\n'}
[1.980233] (ur5_gazebo) StdoutLine: {'line': b"reading manifest file '../../build/ur5_gazebo/ur5_gazebo.egg-info/SOURCES.txt'\n"}
[1.982329] (ur5_gazebo) StdoutLine: {'line': b"writing manifest file '../../build/ur5_gazebo/ur5_gazebo.egg-info/SOURCES.txt'\n"}
[1.982892] (ur5_gazebo) StdoutLine: {'line': b'running build\n'}
[1.983930] (ur5_gazebo) StdoutLine: {'line': b'running build_py\n'}
[1.985527] (ur5_gazebo) StdoutLine: {'line': b'running install\n'}
[1.986202] (ur5_gazebo) StdoutLine: {'line': b'running install_lib\n'}
[1.988174] (ur5_gazebo) StdoutLine: {'line': b'running install_data\n'}
[1.990084] (ur5_gazebo) StdoutLine: {'line': b'running install_egg_info\n'}
[1.990834] (ur5_gazebo) StdoutLine: {'line': b"removing '/workspace/install/ur5_gazebo/lib/python3.10/site-packages/ur5_gazebo-0.0.0-py3.10.egg-info' (and everything under it)\n"}
[1.995423] (ur5_gazebo) StdoutLine: {'line': b'Copying ../../build/ur5_gazebo/ur5_gazebo.egg-info to /workspace/install/ur5_gazebo/lib/python3.10/site-packages/ur5_gazebo-0.0.0-py3.10.egg-info\n'}
[2.007970] (ur5_gazebo) StdoutLine: {'line': b'running install_scripts\n'}
[2.025175] (ur5_moveit_config) StdoutLine: {'line': b'running egg_info\n'}
[2.026369] (ur5_moveit_config) StdoutLine: {'line': b'writing ../../build/ur5_moveit_config/ur5_moveit_config.egg-info/PKG-INFO\n'}
[2.029449] (ur5_moveit_config) StdoutLine: {'line': b'writing dependency_links to ../../build/ur5_moveit_config/ur5_moveit_config.egg-info/dependency_links.txt\n'}
[2.030391] (ur5_moveit_config) StdoutLine: {'line': b'writing entry points to ../../build/ur5_moveit_config/ur5_moveit_config.egg-info/entry_points.txt\n'}
[2.034571] (ur5_moveit_config) StdoutLine: {'line': b'writing requirements to ../../build/ur5_moveit_config/ur5_moveit_config.egg-info/requires.txt\n'}
[2.038039] (ur5_moveit_config) StdoutLine: {'line': b'writing top-level names to ../../build/ur5_moveit_config/ur5_moveit_config.egg-info/top_level.txt\n'}
[2.040393] (ur5_moveit_config) StdoutLine: {'line': b"reading manifest file '../../build/ur5_moveit_config/ur5_moveit_config.egg-info/SOURCES.txt'\n"}
[2.046066] (ur5_moveit_config) StdoutLine: {'line': b"writing manifest file '../../build/ur5_moveit_config/ur5_moveit_config.egg-info/SOURCES.txt'\n"}
[2.049278] (ur5_moveit_config) StdoutLine: {'line': b'running build\n'}
[2.052193] (ur5_moveit_config) StdoutLine: {'line': b'running build_py\n'}
[2.056186] (-) TimerEvent: {}
[2.057645] (ur5_moveit_config) StdoutLine: {'line': b'running install\n'}
[2.058473] (ur5_moveit_config) StdoutLine: {'line': b'running install_lib\n'}
[2.058892] (ur5_moveit_config) StdoutLine: {'line': b'running install_data\n'}
[2.059230] (ur5_moveit_config) StdoutLine: {'line': b'running install_egg_info\n'}
[2.059830] (ur5_moveit_config) StdoutLine: {'line': b"removing '/workspace/install/ur5_moveit_config/lib/python3.10/site-packages/ur5_moveit_config-0.0.0-py3.10.egg-info' (and everything under it)\n"}
[2.060940] (ur5_gazebo) StdoutLine: {'line': b'Installing bc_policy_controller script to /workspace/install/ur5_gazebo/bin\n'}
[2.061746] (ur5_moveit_config) StdoutLine: {'line': b'Copying ../../build/ur5_moveit_config/ur5_moveit_config.egg-info to /workspace/install/ur5_moveit_config/lib/python3.10/site-packages/ur5_moveit_config-0.0.0-py3.10.egg-info\n'}
[2.062730] (ur5_gazebo) StdoutLine: {'line': b'Installing camera_detector script to /workspace/install/ur5_gazebo/bin\n'}
[2.064023] (ur5_gazebo) StdoutLine: {'line': b'Installing comparison_evaluator script to /workspace/install/ur5_gazebo/bin\n'}
[2.065316] (ur5_gazebo) StdoutLine: {'line': b'Installing demo_recorder script to /workspace/install/ur5_gazebo/bin\n'}
[2.066718] (ur5_gazebo) StdoutLine: {'line': b'Installing pick_place_controller script to /workspace/install/ur5_gazebo/bin\n'}
[2.068729] (ur5_gazebo) StdoutLine: {'line': b"writing list of installed files to '/workspace/build/ur5_gazebo/install.log'\n"}
[2.081433] (ur5_moveit_config) StdoutLine: {'line': b'running install_scripts\n'}
[2.103205] (ur5_gazebo) CommandEnded: {'returncode': 0}
[2.157179] (-) TimerEvent: {}
[2.166467] (ur5_gazebo) JobEnded: {'identifier': 'ur5_gazebo', 'rc': 0}
[2.171487] (ur5_moveit_config) StdoutLine: {'line': b"writing list of installed files to '/workspace/build/ur5_moveit_config/install.log'\n"}
[2.172068] (ur5_moveit_config) CommandEnded: {'returncode': 0}
[2.186040] (ur5_moveit_config) JobEnded: {'identifier': 'ur5_moveit_config', 'rc': 0}
[2.188124] (-) EventReactorShutdown: {}
