[1.524s] Invoking command in '/workspace/src/ur5_gazebo': PYTHONPATH=/workspace/build/ur5_gazebo/prefix_override:/usr/lib/python3/dist-packages/colcon_core/task/python/colcon_distutils_commands:/workspace/install/ur5_gazebo/lib/python3.10/site-packages:${PYTHONPATH} /usr/bin/python3 -W ignore:setup.py install is deprecated -W ignore:easy_install command is deprecated setup.py egg_info --egg-base ../../build/ur5_gazebo build --build-base /workspace/build/ur5_gazebo/build install --record /workspace/build/ur5_gazebo/install.log --single-version-externally-managed install_data
[1.952s] running egg_info
[1.954s] writing ../../build/ur5_gazebo/ur5_gazebo.egg-info/PKG-INFO
[1.957s] writing dependency_links to ../../build/ur5_gazebo/ur5_gazebo.egg-info/dependency_links.txt
[1.959s] writing entry points to ../../build/ur5_gazebo/ur5_gazebo.egg-info/entry_points.txt
[1.961s] writing requirements to ../../build/ur5_gazebo/ur5_gazebo.egg-info/requires.txt
[1.962s] writing top-level names to ../../build/ur5_gazebo/ur5_gazebo.egg-info/top_level.txt
[1.968s] reading manifest file '../../build/ur5_gazebo/ur5_gazebo.egg-info/SOURCES.txt'
[1.971s] writing manifest file '../../build/ur5_gazebo/ur5_gazebo.egg-info/SOURCES.txt'
[1.972s] running build
[1.973s] running build_py
[1.977s] running install
[1.978s] running install_lib
[1.984s] running install_data
[1.985s] copying launch/ur5.launch.py -> /workspace/install/ur5_gazebo/share/ur5_gazebo/launch
[1.990s] running install_egg_info
[1.991s] removing '/workspace/install/ur5_gazebo/lib/python3.10/site-packages/ur5_gazebo-0.0.0-py3.10.egg-info' (and everything under it)
[1.994s] Copying ../../build/ur5_gazebo/ur5_gazebo.egg-info to /workspace/install/ur5_gazebo/lib/python3.10/site-packages/ur5_gazebo-0.0.0-py3.10.egg-info
[2.017s] running install_scripts
[2.068s] Installing bc_policy_controller script to /workspace/install/ur5_gazebo/bin
[2.074s] Installing camera_detector script to /workspace/install/ur5_gazebo/bin
[2.075s] Installing comparison_evaluator script to /workspace/install/ur5_gazebo/bin
[2.076s] Installing demo_recorder script to /workspace/install/ur5_gazebo/bin
[2.077s] Installing pick_place_controller script to /workspace/install/ur5_gazebo/bin
[2.081s] writing list of installed files to '/workspace/build/ur5_gazebo/install.log'
[2.118s] Invoked command in '/workspace/src/ur5_gazebo' returned '0': PYTHONPATH=/workspace/build/ur5_gazebo/prefix_override:/usr/lib/python3/dist-packages/colcon_core/task/python/colcon_distutils_commands:/workspace/install/ur5_gazebo/lib/python3.10/site-packages:${PYTHONPATH} /usr/bin/python3 -W ignore:setup.py install is deprecated -W ignore:easy_install command is deprecated setup.py egg_info --egg-base ../../build/ur5_gazebo build --build-base /workspace/build/ur5_gazebo/build install --record /workspace/build/ur5_gazebo/install.log --single-version-externally-managed install_data
