[1.784s] Invoking command in '/workspace/src/ur5_moveit_config': PYTHONPATH=/workspace/build/ur5_moveit_config/prefix_override:/usr/lib/python3/dist-packages/colcon_core/task/python/colcon_distutils_commands:/workspace/install/ur5_moveit_config/lib/python3.10/site-packages:${PYTHONPATH} /usr/bin/python3 -W ignore:setup.py install is deprecated -W ignore:easy_install command is deprecated setup.py egg_info --egg-base ../../build/ur5_moveit_config build --build-base /workspace/build/ur5_moveit_config/build install --record /workspace/build/ur5_moveit_config/install.log --single-version-externally-managed install_data
[2.313s] running egg_info
[2.324s] writing ../../build/ur5_moveit_config/ur5_moveit_config.egg-info/PKG-INFO
[2.327s] writing dependency_links to ../../build/ur5_moveit_config/ur5_moveit_config.egg-info/dependency_links.txt
[2.331s] writing entry points to ../../build/ur5_moveit_config/ur5_moveit_config.egg-info/entry_points.txt
[2.332s] writing requirements to ../../build/ur5_moveit_config/ur5_moveit_config.egg-info/requires.txt
[2.334s] writing top-level names to ../../build/ur5_moveit_config/ur5_moveit_config.egg-info/top_level.txt
[2.345s] reading manifest file '../../build/ur5_moveit_config/ur5_moveit_config.egg-info/SOURCES.txt'
[2.351s] writing manifest file '../../build/ur5_moveit_config/ur5_moveit_config.egg-info/SOURCES.txt'
[2.352s] running build
[2.352s] running build_py
[2.355s] running install
[2.356s] running install_lib
[2.360s] running install_data
[2.362s] running install_egg_info
[2.372s] removing '/workspace/install/ur5_moveit_config/lib/python3.10/site-packages/ur5_moveit_config-0.0.0-py3.10.egg-info' (and everything under it)
[2.375s] Copying ../../build/ur5_moveit_config/ur5_moveit_config.egg-info to /workspace/install/ur5_moveit_config/lib/python3.10/site-packages/ur5_moveit_config-0.0.0-py3.10.egg-info
[2.418s] running install_scripts
[2.476s] writing list of installed files to '/workspace/build/ur5_moveit_config/install.log'
[2.555s] Invoked command in '/workspace/src/ur5_moveit_config' returned '0': PYTHONPATH=/workspace/build/ur5_moveit_config/prefix_override:/usr/lib/python3/dist-packages/colcon_core/task/python/colcon_distutils_commands:/workspace/install/ur5_moveit_config/lib/python3.10/site-packages:${PYTHONPATH} /usr/bin/python3 -W ignore:setup.py install is deprecated -W ignore:easy_install command is deprecated setup.py egg_info --egg-base ../../build/ur5_moveit_config build --build-base /workspace/build/ur5_moveit_config/build install --record /workspace/build/ur5_moveit_config/install.log --single-version-externally-managed install_data
