[0.000000] (-) TimerEvent: {}
[0.000520] (-) JobUnselected: {'identifier': 'bc_training'}
[0.004646] (ur5_gazebo) JobQueued: {'identifier': 'ur5_gazebo', 'dependencies': OrderedDict()}
[0.005561] (ur5_moveit_config) JobQueued: {'identifier': 'ur5_moveit_config', 'dependencies': OrderedDict()}
[0.007008] (ur5_gazebo) JobStarted: {'identifier': 'ur5_gazebo'}
[0.021685] (ur5_moveit_config) JobStarted: {'identifier': 'ur5_moveit_config'}
[0.097138] (-) TimerEvent: {}
[0.198804] (-) TimerEvent: {}
[0.301575] (-) TimerEvent: {}
[0.405631] (-) TimerEvent: {}
[0.506684] (-) TimerEvent: {}
[0.609589] (-) TimerEvent: {}
[0.721606] (-) TimerEvent: {}
[0.822575] (-) TimerEvent: {}
[0.927321] (-) TimerEvent: {}
[1.028937] (-) TimerEvent: {}
[1.134636] (-) TimerEvent: {}
[1.237579] (-) TimerEvent: {}
[1.339832] (-) TimerEvent: {}
[1.441587] (-) TimerEvent: {}
[1.531440] (ur5_moveit_config) Command: {'cmd': ['/usr/bin/python3', '-W', 'ignore:setup.py install is deprecated', '-W', 'ignore:easy_install command is deprecated', 'setup.py', 'egg_info', '--egg-base', '../../build/ur5_moveit_config', 'build', '--build-base', '/workspace/build/ur5_moveit_config/build', 'install', '--record', '/workspace/build/ur5_moveit_config/install.log', '--single-version-externally-managed', 'install_data'], 'cwd': '/workspace/src/ur5_moveit_config', 'env': {'HOSTNAME': 'docker-desktop', 'SHLVL': '1', 'LD_LIBRARY_PATH': '/opt/ros/humble/opt/rviz_ogre_vendor/lib:/opt/ros/humble/lib/x86_64-linux-gnu:/opt/ros/humble/lib', 'HOME': '/root', 'OLDPWD': '/', 'ROS_PYTHON_VERSION': '3', 'ROS_DISTRO': 'humble', '_': '/usr/bin/colcon', 'ROS_VERSION': '2', 'ROS_LOCALHOST_ONLY': '0', 'QT_X11_NO_MITSHM': '1', 'PATH': '/opt/ros/humble/bin:/usr/local/sbin:/usr/local/bin:/usr/sbin:/usr/bin:/sbin:/bin', 'DISPLAY': '/private/tmp/com.apple.launchd.f8ctnhmDHP/org.xquartz:0', 'LANG': 'C.UTF-8', 'AMENT_PREFIX_PATH': '/opt/ros/humble', 'PWD': '/workspace/build/ur5_moveit_config', 'LC_ALL': 'C.UTF-8', 'PYTHONPATH': '/workspace/build/ur5_moveit_config/prefix_override:/usr/lib/python3/dist-packages/colcon_core/task/python/colcon_distutils_commands:/workspace/install/ur5_moveit_config/lib/python3.10/site-packages:/opt/ros/humble/lib/python3.10/site-packages:/opt/ros/humble/local/lib/python3.10/dist-packages', 'COLCON': '1'}, 'shell': False}
[1.549598] (-) TimerEvent: {}
[1.549909] (ur5_gazebo) Command: {'cmd': ['/usr/bin/python3', '-W', 'ignore:setup.py install is deprecated', '-W', 'ignore:easy_install command is deprecated', 'setup.py', 'egg_info', '--egg-base', '../../build/ur5_gazebo', 'build', '--build-base', '/workspace/build/ur5_gazebo/build', 'install', '--record', '/workspace/build/ur5_gazebo/install.log', '--single-version-externally-managed', 'install_data'], 'cwd': '/workspace/src/ur5_gazebo', 'env': {'HOSTNAME': 'docker-desktop', 'SHLVL': '1', 'LD_LIBRARY_PATH': '/opt/ros/humble/opt/rviz_ogre_vendor/lib:/opt/ros/humble/lib/x86_64-linux-gnu:/opt/ros/humble/lib', 'HOME': '/root', 'OLDPWD': '/', 'ROS_PYTHON_VERSION': '3', 'ROS_DISTRO': 'humble', '_': '/usr/bin/colcon', 'ROS_VERSION': '2', 'ROS_LOCALHOST_ONLY': '0', 'QT_X11_NO_MITSHM': '1', 'PATH': '/opt/ros/humble/bin:/usr/local/sbin:/usr/local/bin:/usr/sbin:/usr/bin:/sbin:/bin', 'DISPLAY': '/private/tmp/com.apple.launchd.f8ctnhmDHP/org.xquartz:0', 'LANG': 'C.UTF-8', 'AMENT_PREFIX_PATH': '/opt/ros/humble', 'PWD': '/workspace/build/ur5_gazebo', 'LC_ALL': 'C.UTF-8', 'PYTHONPATH': '/workspace/build/ur5_gazebo/prefix_override:/usr/lib/python3/dist-packages/colcon_core/task/python/colcon_distutils_commands:/workspace/install/ur5_gazebo/lib/python3.10/site-packages:/opt/ros/humble/lib/python3.10/site-packages:/opt/ros/humble/local/lib/python3.10/dist-packages', 'COLCON': '1'}, 'shell': False}
[1.651636] (-) TimerEvent: {}
[1.752577] (-) TimerEvent: {}
[1.854052] (-) TimerEvent: {}
[1.922161] (ur5_moveit_config) StdoutLine: {'line': b'running egg_info\n'}
[1.924747] (ur5_moveit_config) StdoutLine: {'line': b'writing ../../build/ur5_moveit_config/ur5_moveit_config.egg-info/PKG-INFO\n'}
[1.925444] (ur5_moveit_config) StdoutLine: {'line': b'writing dependency_links to ../../build/ur5_moveit_config/ur5_moveit_config.egg-info/dependency_links.txt\n'}
[1.928828] (ur5_moveit_config) StdoutLine: {'line': b'writing entry points to ../../build/ur5_moveit_config/ur5_moveit_config.egg-info/entry_points.txt\n'}
[1.930048] (ur5_moveit_config) StdoutLine: {'line': b'writing requirements to ../../build/ur5_moveit_config/ur5_moveit_config.egg-info/requires.txt\n'}
[1.930592] (ur5_gazebo) StdoutLine: {'line': b'running egg_info\n'}
[1.931069] (ur5_moveit_config) StdoutLine: {'line': b'writing top-level names to ../../build/ur5_moveit_config/ur5_moveit_config.egg-info/top_level.txt\n'}
[1.931851] (ur5_gazebo) StdoutLine: {'line': b'writing ../../build/ur5_gazebo/ur5_gazebo.egg-info/PKG-INFO\n'}
[1.933173] (ur5_gazebo) StdoutLine: {'line': b'writing dependency_links to ../../build/ur5_gazebo/ur5_gazebo.egg-info/dependency_links.txt\n'}
[1.933948] (ur5_gazebo) StdoutLine: {'line': b'writing entry points to ../../build/ur5_gazebo/ur5_gazebo.egg-info/entry_points.txt\n'}
[1.935181] (ur5_gazebo) StdoutLine: {'line': b'writing requirements to ../../build/ur5_gazebo/ur5_gazebo.egg-info/requires.txt\n'}
[1.936306] (ur5_gazebo) StdoutLine: {'line': b'writing top-level names to ../../build/ur5_gazebo/ur5_gazebo.egg-info/top_level.txt\n'}
[1.937652] (ur5_moveit_config) StdoutLine: {'line': b"reading manifest file '../../build/ur5_moveit_config/ur5_moveit_config.egg-info/SOURCES.txt'\n"}
[1.940385] (ur5_moveit_config) StdoutLine: {'line': b"writing manifest file '../../build/ur5_moveit_config/ur5_moveit_config.egg-info/SOURCES.txt'\n"}
[1.941151] (ur5_moveit_config) StdoutLine: {'line': b'running build\n'}
[1.941556] (ur5_moveit_config) StdoutLine: {'line': b'running build_py\n'}
[1.942294] (ur5_moveit_config) StdoutLine: {'line': b'copying ur5_moveit_config/__init__.py -> /workspace/build/ur5_moveit_config/build/lib/ur5_moveit_config\n'}
[1.943044] (ur5_gazebo) StdoutLine: {'line': b"reading manifest file '../../build/ur5_gazebo/ur5_gazebo.egg-info/SOURCES.txt'\n"}
[1.943752] (ur5_moveit_config) StdoutLine: {'line': b'running install\n'}
[1.944233] (ur5_moveit_config) StdoutLine: {'line': b'running install_lib\n'}
[1.945568] (ur5_moveit_config) StdoutLine: {'line': b'copying /workspace/build/ur5_moveit_config/build/lib/ur5_moveit_config/__init__.py -> /workspace/install/ur5_moveit_config/lib/python3.10/site-packages/ur5_moveit_config\n'}
[1.946769] (ur5_gazebo) StdoutLine: {'line': b"writing manifest file '../../build/ur5_gazebo/ur5_gazebo.egg-info/SOURCES.txt'\n"}
[1.948275] (ur5_gazebo) StdoutLine: {'line': b'running build\n'}
[1.948994] (ur5_gazebo) StdoutLine: {'line': b'running build_py\n'}
[1.950331] (ur5_gazebo) StdoutLine: {'line': b'running install\n'}
[1.951404] (ur5_gazebo) StdoutLine: {'line': b'running install_lib\n'}
[1.956282] (-) TimerEvent: {}
[1.956361] (ur5_moveit_config) StdoutLine: {'line': b'byte-compiling /workspace/install/ur5_moveit_config/lib/python3.10/site-packages/ur5_moveit_config/__init__.py to __init__.cpython-310.pyc\n'}
[1.957128] (ur5_gazebo) StdoutLine: {'line': b'running install_data\n'}
[1.958750] (ur5_gazebo) StdoutLine: {'line': b'running install_egg_info\n'}
[1.960643] (ur5_moveit_config) StdoutLine: {'line': b'running install_data\n'}
[1.962148] (ur5_gazebo) StdoutLine: {'line': b"removing '/workspace/install/ur5_gazebo/lib/python3.10/site-packages/ur5_gazebo-0.0.0-py3.10.egg-info' (and everything under it)\n"}
[1.963015] (ur5_moveit_config) StdoutLine: {'line': b'copying resource/ur5_moveit_config -> /workspace/install/ur5_moveit_config/share/ament_index/resource_index/packages\n'}
[1.963482] (ur5_gazebo) StdoutLine: {'line': b'Copying ../../build/ur5_gazebo/ur5_gazebo.egg-info to /workspace/install/ur5_gazebo/lib/python3.10/site-packages/ur5_gazebo-0.0.0-py3.10.egg-info\n'}
[1.964177] (ur5_moveit_config) StdoutLine: {'line': b'copying package.xml -> /workspace/install/ur5_moveit_config/share/ur5_moveit_config\n'}
[1.965840] (ur5_moveit_config) StdoutLine: {'line': b'running install_egg_info\n'}
[1.969050] (ur5_moveit_config) StdoutLine: {'line': b"removing '/workspace/install/ur5_moveit_config/lib/python3.10/site-packages/ur5_moveit_config-0.0.0-py3.10.egg-info' (and everything under it)\n"}
[1.972655] (ur5_moveit_config) StdoutLine: {'line': b'Copying ../../build/ur5_moveit_config/ur5_moveit_config.egg-info to /workspace/install/ur5_moveit_config/lib/python3.10/site-packages/ur5_moveit_config-0.0.0-py3.10.egg-info\n'}
[1.988587] (ur5_gazebo) StdoutLine: {'line': b'running install_scripts\n'}
[1.994561] (ur5_moveit_config) StdoutLine: {'line': b'running install_scripts\n'}
[2.025137] (ur5_gazebo) StdoutLine: {'line': b'Installing bc_policy_controller script to /workspace/install/ur5_gazebo/bin\n'}
[2.027736] (ur5_gazebo) StdoutLine: {'line': b'Installing camera_detector script to /workspace/install/ur5_gazebo/bin\n'}
[2.028725] (ur5_gazebo) StdoutLine: {'line': b'Installing comparison_evaluator script to /workspace/install/ur5_gazebo/bin\n'}
[2.032532] (ur5_gazebo) StdoutLine: {'line': b'Installing demo_recorder script to /workspace/install/ur5_gazebo/bin\n'}
[2.033816] (ur5_gazebo) StdoutLine: {'line': b'Installing pick_place_controller script to /workspace/install/ur5_gazebo/bin\n'}
[2.036078] (ur5_gazebo) StdoutLine: {'line': b"writing list of installed files to '/workspace/build/ur5_gazebo/install.log'\n"}
[2.046336] (ur5_moveit_config) StdoutLine: {'line': b"writing list of installed files to '/workspace/build/ur5_moveit_config/install.log'\n"}
[2.056585] (-) TimerEvent: {}
[2.072624] (ur5_gazebo) CommandEnded: {'returncode': 0}
[2.114719] (ur5_gazebo) JobEnded: {'identifier': 'ur5_gazebo', 'rc': 0}
[2.119498] (ur5_moveit_config) CommandEnded: {'returncode': 0}
[2.134891] (ur5_moveit_config) JobEnded: {'identifier': 'ur5_moveit_config', 'rc': 0}
[2.137188] (-) EventReactorShutdown: {}
