[0.000000] (-) TimerEvent: {}
[0.002045] (-) JobUnselected: {'identifier': 'bc_training'}
[0.002713] (ur5_gazebo) JobQueued: {'identifier': 'ur5_gazebo', 'dependencies': OrderedDict()}
[0.003210] (ur5_moveit_config) JobQueued: {'identifier': 'ur5_moveit_config', 'dependencies': OrderedDict()}
[0.003354] (ur5_gazebo) JobStarted: {'identifier': 'ur5_gazebo'}
[0.025338] (ur5_moveit_config) JobStarted: {'identifier': 'ur5_moveit_config'}
[0.099689] (-) TimerEvent: {}
[0.202465] (-) TimerEvent: {}
[0.305452] (-) TimerEvent: {}
[0.406498] (-) TimerEvent: {}
[0.507497] (-) TimerEvent: {}
[0.610470] (-) TimerEvent: {}
[0.714467] (-) TimerEvent: {}
[0.819446] (-) TimerEvent: {}
[0.923687] (-) TimerEvent: {}
[1.026470] (-) TimerEvent: {}
[1.131512] (-) TimerEvent: {}
[1.234839] (-) TimerEvent: {}
[1.336192] (-) TimerEvent: {}
[1.407194] (ur5_gazebo) Command: {'cmd': ['/usr/bin/python3', '-W', 'ignore:setup.py install is deprecated', '-W', 'ignore:easy_install command is deprecated', 'setup.py', 'egg_info', '--egg-base', '../../build/ur5_gazebo', 'build', '--build-base', '/workspace/build/ur5_gazebo/build', 'install', '--record', '/workspace/build/ur5_gazebo/install.log', '--single-version-externally-managed', 'install_data'], 'cwd': '/workspace/src/ur5_gazebo', 'env': {'HOSTNAME': 'docker-desktop', 'SHLVL': '1', 'LD_LIBRARY_PATH': '/usr/lib/x86_64-linux-gnu/gazebo-11/plugins:/opt/ros/humble/opt/rviz_ogre_vendor/lib:/opt/ros/humble/lib/x86_64-linux-gnu:/opt/ros/humble/lib', 'HOME': '/root', 'OLDPWD': '/', 'ROS_PYTHON_VERSION': '3', 'ROS_DISTRO': 'humble', '_': '/usr/bin/colcon', 'ROS_VERSION': '2', 'ROS_LOCALHOST_ONLY': '0', 'QT_X11_NO_MITSHM': '1', 'PATH': '/opt/ros/humble/bin:/usr/local/sbin:/usr/local/bin:/usr/sbin:/usr/bin:/sbin:/bin', 'XDG_RUNTIME_DIR': '/tmp', 'DISPLAY': '/private/tmp/com.apple.launchd.f8ctnhmDHP/org.xquartz:0', 'LANG': 'C.UTF-8', 'AMENT_PREFIX_PATH': '/opt/ros/humble', 'PWD': '/workspace/build/ur5_gazebo', 'LC_ALL': 'C.UTF-8', 'PYTHONPATH': '/workspace/build/ur5_gazebo/prefix_override:/usr/lib/python3/dist-packages/colcon_core/task/python/colcon_distutils_commands:/workspace/install/ur5_gazebo/lib/python3.10/site-packages:/opt/ros/humble/lib/python3.10/site-packages:/opt/ros/humble/local/lib/python3.10/dist-packages', 'COLCON': '1'}, 'shell': False}
[1.438453] (-) TimerEvent: {}
[1.442980] (ur5_moveit_config) Command: {'cmd': ['/usr/bin/python3', '-W', 'ignore:setup.py install is deprecated', '-W', 'ignore:easy_install command is deprecated', 'setup.py', 'egg_info', '--egg-base', '../../build/ur5_moveit_config', 'build', '--build-base', '/workspace/build/ur5_moveit_config/build', 'install', '--record', '/workspace/build/ur5_moveit_config/install.log', '--single-version-externally-managed', 'install_data'], 'cwd': '/workspace/src/ur5_moveit_config', 'env': {'HOSTNAME': 'docker-desktop', 'SHLVL': '1', 'LD_LIBRARY_PATH': '/usr/lib/x86_64-linux-gnu/gazebo-11/plugins:/opt/ros/humble/opt/rviz_ogre_vendor/lib:/opt/ros/humble/lib/x86_64-linux-gnu:/opt/ros/humble/lib', 'HOME': '/root', 'OLDPWD': '/', 'ROS_PYTHON_VERSION': '3', 'ROS_DISTRO': 'humble', '_': '/usr/bin/colcon', 'ROS_VERSION': '2', 'ROS_LOCALHOST_ONLY': '0', 'QT_X11_NO_MITSHM': '1', 'PATH': '/opt/ros/humble/bin:/usr/local/sbin:/usr/local/bin:/usr/sbin:/usr/bin:/sbin:/bin', 'XDG_RUNTIME_DIR': '/tmp', 'DISPLAY': '/private/tmp/com.apple.launchd.f8ctnhmDHP/org.xquartz:0', 'LANG': 'C.UTF-8', 'AMENT_PREFIX_PATH': '/opt/ros/humble', 'PWD': '/workspace/build/ur5_moveit_config', 'LC_ALL': 'C.UTF-8', 'PYTHONPATH': '/workspace/build/ur5_moveit_config/prefix_override:/usr/lib/python3/dist-packages/colcon_core/task/python/colcon_distutils_commands:/workspace/install/ur5_moveit_config/lib/python3.10/site-packages:/opt/ros/humble/lib/python3.10/site-packages:/opt/ros/humble/local/lib/python3.10/dist-packages', 'COLCON': '1'}, 'shell': False}
[1.539461] (-) TimerEvent: {}
[1.642591] (-) TimerEvent: {}
[1.743454] (-) TimerEvent: {}
[1.844890] (-) TimerEvent: {}
[1.847393] (ur5_gazebo) StdoutLine: {'line': b'running egg_info\n'}
[1.849399] (ur5_gazebo) StdoutLine: {'line': b'writing ../../build/ur5_gazebo/ur5_gazebo.egg-info/PKG-INFO\n'}
[1.850913] (ur5_gazebo) StdoutLine: {'line': b'writing dependency_links to ../../build/ur5_gazebo/ur5_gazebo.egg-info/dependency_links.txt\n'}
[1.851788] (ur5_gazebo) StdoutLine: {'line': b'writing entry points to ../../build/ur5_gazebo/ur5_gazebo.egg-info/entry_points.txt\n'}
[1.852621] (ur5_gazebo) StdoutLine: {'line': b'writing requirements to ../../build/ur5_gazebo/ur5_gazebo.egg-info/requires.txt\n'}
[1.854615] (ur5_gazebo) StdoutLine: {'line': b'writing top-level names to ../../build/ur5_gazebo/ur5_gazebo.egg-info/top_level.txt\n'}
[1.863505] (ur5_gazebo) StdoutLine: {'line': b"reading manifest file '../../build/ur5_gazebo/ur5_gazebo.egg-info/SOURCES.txt'\n"}
[1.868290] (ur5_gazebo) StdoutLine: {'line': b"writing manifest file '../../build/ur5_gazebo/ur5_gazebo.egg-info/SOURCES.txt'\n"}
[1.869249] (ur5_gazebo) StdoutLine: {'line': b'running build\n'}
[1.871867] (ur5_gazebo) StdoutLine: {'line': b'running build_py\n'}
[1.873844] (ur5_gazebo) StdoutLine: {'line': b'running install\n'}
[1.874749] (ur5_gazebo) StdoutLine: {'line': b'running install_lib\n'}
[1.876020] (ur5_gazebo) StdoutLine: {'line': b'running install_data\n'}
[1.877293] (ur5_gazebo) StdoutLine: {'line': b'running install_egg_info\n'}
[1.880523] (ur5_gazebo) StdoutLine: {'line': b"removing '/workspace/install/ur5_gazebo/lib/python3.10/site-packages/ur5_gazebo-0.0.0-py3.10.egg-info' (and everything under it)\n"}
[1.882759] (ur5_gazebo) StdoutLine: {'line': b'Copying ../../build/ur5_gazebo/ur5_gazebo.egg-info to /workspace/install/ur5_gazebo/lib/python3.10/site-packages/ur5_gazebo-0.0.0-py3.10.egg-info\n'}
[1.900259] (ur5_gazebo) StdoutLine: {'line': b'running install_scripts\n'}
[1.913490] (ur5_moveit_config) StdoutLine: {'line': b'running egg_info\n'}
[1.914986] (ur5_moveit_config) StdoutLine: {'line': b'writing ../../build/ur5_moveit_config/ur5_moveit_config.egg-info/PKG-INFO\n'}
[1.915926] (ur5_moveit_config) StdoutLine: {'line': b'writing dependency_links to ../../build/ur5_moveit_config/ur5_moveit_config.egg-info/dependency_links.txt\n'}
[1.916778] (ur5_moveit_config) StdoutLine: {'line': b'writing entry points to ../../build/ur5_moveit_config/ur5_moveit_config.egg-info/entry_points.txt\n'}
[1.917732] (ur5_moveit_config) StdoutLine: {'line': b'writing requirements to ../../build/ur5_moveit_config/ur5_moveit_config.egg-info/requires.txt\n'}
[1.918747] (ur5_moveit_config) StdoutLine: {'line': b'writing top-level names to ../../build/ur5_moveit_config/ur5_moveit_config.egg-info/top_level.txt\n'}
[1.929786] (ur5_moveit_config) StdoutLine: {'line': b"reading manifest file '../../build/ur5_moveit_config/ur5_moveit_config.egg-info/SOURCES.txt'\n"}
[1.932592] (ur5_moveit_config) StdoutLine: {'line': b"writing manifest file '../../build/ur5_moveit_config/ur5_moveit_config.egg-info/SOURCES.txt'\n"}
[1.933560] (ur5_moveit_config) StdoutLine: {'line': b'running build\n'}
[1.934246] (ur5_moveit_config) StdoutLine: {'line': b'running build_py\n'}
[1.937414] (ur5_moveit_config) StdoutLine: {'line': b'running install\n'}
[1.938261] (ur5_moveit_config) StdoutLine: {'line': b'running install_lib\n'}
[1.940821] (ur5_gazebo) StdoutLine: {'line': b'Installing bc_policy_controller script to /workspace/install/ur5_gazebo/bin\n'}
[1.941864] (ur5_moveit_config) StdoutLine: {'line': b'running install_data\n'}
[1.943021] (ur5_gazebo) StdoutLine: {'line': b'Installing camera_detector script to /workspace/install/ur5_gazebo/bin\n'}
[1.944819] (ur5_gazebo) StdoutLine: {'line': b'Installing comparison_evaluator script to /workspace/install/ur5_gazebo/bin\n'}
[1.946123] (-) TimerEvent: {}
[1.946519] (ur5_moveit_config) StdoutLine: {'line': b'running install_egg_info\n'}
[1.947392] (ur5_gazebo) StdoutLine: {'line': b'Installing demo_recorder script to /workspace/install/ur5_gazebo/bin\n'}
[1.948108] (ur5_gazebo) StdoutLine: {'line': b'Installing pick_place_controller script to /workspace/install/ur5_gazebo/bin\n'}
[1.949585] (ur5_moveit_config) StdoutLine: {'line': b"removing '/workspace/install/ur5_moveit_config/lib/python3.10/site-packages/ur5_moveit_config-0.0.0-py3.10.egg-info' (and everything under it)\n"}
[1.950872] (ur5_gazebo) StdoutLine: {'line': b"writing list of installed files to '/workspace/build/ur5_gazebo/install.log'\n"}
[1.953381] (ur5_moveit_config) StderrLine: {'line': b"error removing /workspace/install/ur5_moveit_config/lib/python3.10/site-packages/ur5_moveit_config-0.0.0-py3.10.egg-info: [Errno 2] No such file or directory: '/workspace/install/ur5_moveit_config/lib/python3.10/site-packages/ur5_moveit_config-0.0.0-py3.10.egg-info/entry_points.txt'\n"}
[1.955198] (ur5_moveit_config) StderrLine: {'line': b"error removing /workspace/install/ur5_moveit_config/lib/python3.10/site-packages/ur5_moveit_config-0.0.0-py3.10.egg-info: [Errno 2] No such file or directory: '/workspace/install/ur5_moveit_config/lib/python3.10/site-packages/ur5_moveit_config-0.0.0-py3.10.egg-info/requires.txt'\n"}
[1.956398] (ur5_moveit_config) StderrLine: {'line': b"error removing /workspace/install/ur5_moveit_config/lib/python3.10/site-packages/ur5_moveit_config-0.0.0-py3.10.egg-info: [Errno 2] No such file or directory: '/workspace/install/ur5_moveit_config/lib/python3.10/site-packages/ur5_moveit_config-0.0.0-py3.10.egg-info/top_level.txt'\n"}
[1.956861] (ur5_moveit_config) StderrLine: {'line': b"error removing /workspace/install/ur5_moveit_config/lib/python3.10/site-packages/ur5_moveit_config-0.0.0-py3.10.egg-info: [Errno 2] No such file or directory: '/workspace/install/ur5_moveit_config/lib/python3.10/site-packages/ur5_moveit_config-0.0.0-py3.10.egg-info/dependency_links.txt'\n"}
[1.957175] (ur5_moveit_config) StderrLine: {'line': b"error removing /workspace/install/ur5_moveit_config/lib/python3.10/site-packages/ur5_moveit_config-0.0.0-py3.10.egg-info: [Errno 2] No such file or directory: '/workspace/install/ur5_moveit_config/lib/python3.10/site-packages/ur5_moveit_config-0.0.0-py3.10.egg-info'\n"}
[1.957711] (ur5_moveit_config) StdoutLine: {'line': b'Copying ../../build/ur5_moveit_config/ur5_moveit_config.egg-info to /workspace/install/ur5_moveit_config/lib/python3.10/site-packages/ur5_moveit_config-0.0.0-py3.10.egg-info\n'}
[1.971828] (ur5_moveit_config) StdoutLine: {'line': b'running install_scripts\n'}
[1.982250] (ur5_gazebo) CommandEnded: {'returncode': 0}
[2.047887] (-) TimerEvent: {}
[2.050100] (ur5_gazebo) JobEnded: {'identifier': 'ur5_gazebo', 'rc': 0}
[2.055336] (ur5_moveit_config) StdoutLine: {'line': b"writing list of installed files to '/workspace/build/ur5_moveit_config/install.log'\n"}
[2.056700] (ur5_moveit_config) CommandEnded: {'returncode': 0}
[2.095423] (ur5_moveit_config) JobEnded: {'identifier': 'ur5_moveit_config', 'rc': 0}
[2.101751] (-) EventReactorShutdown: {}
