[0.179s] DEBUG:colcon:Command line arguments: ['/usr/bin/colcon', 'build', '--packages-select', 'ur5_gazebo', 'ur5_moveit_config']
[0.180s] DEBUG:colcon:Parsed command line arguments: Namespace(log_base=None, log_level=None, verb_name='build', build_base='build', install_base='install', merge_install=False, symlink_install=False, test_result_base=None, continue_on_error=False, executor='parallel', parallel_workers=8, event_handlers=None, ignore_user_meta=False, metas=['./colcon.meta'], base_paths=['.'], packages_ignore=None, packages_ignore_regex=None, paths=None, packages_up_to=None, packages_up_to_regex=None, packages_above=None, packages_above_and_dependencies=None, packages_above_depth=None, packages_select_by_dep=None, packages_skip_by_dep=None, packages_skip_up_to=None, packages_select_build_failed=False, packages_skip_build_finished=False, packages_select_test_failures=False, packages_skip_test_passed=False, packages_select=['ur5_gazebo', 'ur5_moveit_config'], packages_skip=None, packages_select_regex=None, packages_skip_regex=None, packages_start=None, packages_end=None, cmake_args=None, cmake_target=None, cmake_target_skip_unavailable=False, cmake_clean_cache=False, cmake_clean_first=False, cmake_force_configure=False, ament_cmake_args=None, catkin_cmake_args=None, catkin_skip_building_tests=False, mixin_files=None, mixin=None, verb_parser=<colcon_mixin.mixin.mixin_argument.MixinArgumentDecorator object at 0x7ffffe1f72e0>, verb_extension=<colcon_core.verb.build.BuildVerb object at 0x7ffffe1f6d10>, main=<bound method BuildVerb.main of <colcon_core.verb.build.BuildVerb object at 0x7ffffe1f6d10>>, mixin_verb=('build',))
[0.183s] DEBUG:colcon:Command line arguments: ['/usr/bin/colcon', 'build', '--packages-select', 'ur5_gazebo', 'ur5_moveit_config']
[0.185s] DEBUG:colcon:Parsed command line arguments: Namespace(log_base=None, log_level=None, verb_name='build', build_base='build', install_base='install', merge_install=False, symlink_install=False, test_result_base=None, continue_on_error=False, executor='parallel', parallel_workers=8, event_handlers=None, ignore_user_meta=False, metas=['./colcon.meta'], base_paths=['.'], packages_ignore=None, packages_ignore_regex=None, paths=None, packages_up_to=None, packages_up_to_regex=None, packages_above=None, packages_above_and_dependencies=None, packages_above_depth=None, packages_select_by_dep=None, packages_skip_by_dep=None, packages_skip_up_to=None, packages_select_build_failed=False, packages_skip_build_finished=False, packages_select_test_failures=False, packages_skip_test_passed=False, packages_select=['ur5_gazebo', 'ur5_moveit_config'], packages_skip=None, packages_select_regex=None, packages_skip_regex=None, packages_start=None, packages_end=None, cmake_args=None, cmake_target=None, cmake_target_skip_unavailable=False, cmake_clean_cache=False, cmake_clean_first=False, cmake_force_configure=False, ament_cmake_args=None, catkin_cmake_args=None, catkin_skip_building_tests=False, mixin_files=None, mixin=None, verb_parser=<colcon_mixin.mixin.mixin_argument.MixinArgumentDecorator object at 0x7ffffe1f7340>, verb_extension=<colcon_core.verb.build.BuildVerb object at 0x7ffffe1f6d70>, main=<bound method BuildVerb.main of <colcon_core.verb.build.BuildVerb object at 0x7ffffe1f6d70>>, mixin_verb=('build',))
[0.347s] Level 1:colcon.colcon_core.package_discovery:discover_packages(colcon_meta) check parameters
[0.350s] INFO:colcon.colcon_metadata.package_discovery.colcon_meta:Using configuration from '/root/.colcon/metadata/default/Gazebo.meta'
[0.351s] INFO:colcon.colcon_metadata.package_discovery.colcon_meta:Using configuration from '/root/.colcon/metadata/default/fastdds.meta'
[0.352s] INFO:colcon.colcon_metadata.package_discovery.colcon_meta:Using configuration from '/root/.colcon/metadata/default/fastrtps.meta'
[0.354s] Level 1:colcon.colcon_core.package_discovery:discover_packages(recursive) check parameters
[0.354s] Level 1:colcon.colcon_core.package_discovery:discover_packages(ignore) check parameters
[0.354s] Level 1:colcon.colcon_core.package_discovery:discover_packages(path) check parameters
[0.354s] Level 1:colcon.colcon_core.package_discovery:discover_packages(colcon_meta) discover
[0.355s] Level 1:colcon.colcon_core.package_discovery:discover_packages(recursive) discover
[0.355s] INFO:colcon.colcon_core.package_discovery:Crawling recursively for packages in '/workspace'
[0.355s] Level 1:colcon.colcon_core.package_identification:_identify(.) by extensions ['ignore', 'ignore_ament_install']
[0.356s] Level 1:colcon.colcon_core.package_identification:_identify(.) by extension 'ignore'
[0.357s] Level 1:colcon.colcon_core.package_identification:_identify(.) by extension 'ignore_ament_install'
[0.358s] Level 1:colcon.colcon_core.package_identification:_identify(.) by extensions ['colcon_pkg']
[0.358s] Level 1:colcon.colcon_core.package_identification:_identify(.) by extension 'colcon_pkg'
[0.358s] Level 1:colcon.colcon_core.package_identification:_identify(.) by extensions ['colcon_meta']
[0.358s] Level 1:colcon.colcon_core.package_identification:_identify(.) by extension 'colcon_meta'
[0.358s] Level 1:colcon.colcon_core.package_identification:_identify(.) by extensions ['ros']
[0.359s] Level 1:colcon.colcon_core.package_identification:_identify(.) by extension 'ros'
[0.373s] Level 1:colcon.colcon_core.package_identification:_identify(.) by extensions ['cmake', 'python']
[0.373s] Level 1:colcon.colcon_core.package_identification:_identify(.) by extension 'cmake'
[0.373s] Level 1:colcon.colcon_core.package_identification:_identify(.) by extension 'python'
[0.373s] Level 1:colcon.colcon_core.package_identification:_identify(.) by extensions ['python_setup_py']
[0.374s] Level 1:colcon.colcon_core.package_identification:_identify(.) by extension 'python_setup_py'
[0.374s] Level 1:colcon.colcon_core.package_identification:_identify(build) by extensions ['ignore', 'ignore_ament_install']
[0.375s] Level 1:colcon.colcon_core.package_identification:_identify(build) by extension 'ignore'
[0.375s] Level 1:colcon.colcon_core.package_identification:_identify(build) ignored
[0.375s] Level 1:colcon.colcon_core.package_identification:_identify(install) by extensions ['ignore', 'ignore_ament_install']
[0.375s] Level 1:colcon.colcon_core.package_identification:_identify(install) by extension 'ignore'
[0.376s] Level 1:colcon.colcon_core.package_identification:_identify(install) ignored
[0.376s] Level 1:colcon.colcon_core.package_identification:_identify(log) by extensions ['ignore', 'ignore_ament_install']
[0.377s] Level 1:colcon.colcon_core.package_identification:_identify(log) by extension 'ignore'
[0.377s] Level 1:colcon.colcon_core.package_identification:_identify(log) ignored
[0.377s] Level 1:colcon.colcon_core.package_identification:_identify(src) by extensions ['ignore', 'ignore_ament_install']
[0.377s] Level 1:colcon.colcon_core.package_identification:_identify(src) by extension 'ignore'
[0.378s] Level 1:colcon.colcon_core.package_identification:_identify(src) by extension 'ignore_ament_install'
[0.378s] Level 1:colcon.colcon_core.package_identification:_identify(src) by extensions ['colcon_pkg']
[0.378s] Level 1:colcon.colcon_core.package_identification:_identify(src) by extension 'colcon_pkg'
[0.378s] Level 1:colcon.colcon_core.package_identification:_identify(src) by extensions ['colcon_meta']
[0.378s] Level 1:colcon.colcon_core.package_identification:_identify(src) by extension 'colcon_meta'
[0.378s] Level 1:colcon.colcon_core.package_identification:_identify(src) by extensions ['ros']
[0.378s] Level 1:colcon.colcon_core.package_identification:_identify(src) by extension 'ros'
[0.379s] Level 1:colcon.colcon_core.package_identification:_identify(src) by extensions ['cmake', 'python']
[0.379s] Level 1:colcon.colcon_core.package_identification:_identify(src) by extension 'cmake'
[0.379s] Level 1:colcon.colcon_core.package_identification:_identify(src) by extension 'python'
[0.379s] Level 1:colcon.colcon_core.package_identification:_identify(src) by extensions ['python_setup_py']
[0.379s] Level 1:colcon.colcon_core.package_identification:_identify(src) by extension 'python_setup_py'
[0.380s] Level 1:colcon.colcon_core.package_identification:_identify(src/bc_training) by extensions ['ignore', 'ignore_ament_install']
[0.380s] Level 1:colcon.colcon_core.package_identification:_identify(src/bc_training) by extension 'ignore'
[0.380s] Level 1:colcon.colcon_core.package_identification:_identify(src/bc_training) by extension 'ignore_ament_install'
[0.381s] Level 1:colcon.colcon_core.package_identification:_identify(src/bc_training) by extensions ['colcon_pkg']
[0.381s] Level 1:colcon.colcon_core.package_identification:_identify(src/bc_training) by extension 'colcon_pkg'
[0.381s] Level 1:colcon.colcon_core.package_identification:_identify(src/bc_training) by extensions ['colcon_meta']
[0.381s] Level 1:colcon.colcon_core.package_identification:_identify(src/bc_training) by extension 'colcon_meta'
[0.381s] Level 1:colcon.colcon_core.package_identification:_identify(src/bc_training) by extensions ['ros']
[0.381s] Level 1:colcon.colcon_core.package_identification:_identify(src/bc_training) by extension 'ros'
[0.390s] DEBUG:colcon.colcon_core.package_identification:Package 'src/bc_training' with type 'ros.ament_python' and name 'bc_training'
[0.391s] Level 1:colcon.colcon_core.package_identification:_identify(src/ur5_gazebo) by extensions ['ignore', 'ignore_ament_install']
[0.391s] Level 1:colcon.colcon_core.package_identification:_identify(src/ur5_gazebo) by extension 'ignore'
[0.391s] Level 1:colcon.colcon_core.package_identification:_identify(src/ur5_gazebo) by extension 'ignore_ament_install'
[0.391s] Level 1:colcon.colcon_core.package_identification:_identify(src/ur5_gazebo) by extensions ['colcon_pkg']
[0.392s] Level 1:colcon.colcon_core.package_identification:_identify(src/ur5_gazebo) by extension 'colcon_pkg'
[0.392s] Level 1:colcon.colcon_core.package_identification:_identify(src/ur5_gazebo) by extensions ['colcon_meta']
[0.392s] Level 1:colcon.colcon_core.package_identification:_identify(src/ur5_gazebo) by extension 'colcon_meta'
[0.392s] Level 1:colcon.colcon_core.package_identification:_identify(src/ur5_gazebo) by extensions ['ros']
[0.392s] Level 1:colcon.colcon_core.package_identification:_identify(src/ur5_gazebo) by extension 'ros'
[0.394s] DEBUG:colcon.colcon_core.package_identification:Package 'src/ur5_gazebo' with type 'ros.ament_python' and name 'ur5_gazebo'
[0.395s] Level 1:colcon.colcon_core.package_identification:_identify(src/ur5_moveit_config) by extensions ['ignore', 'ignore_ament_install']
[0.395s] Level 1:colcon.colcon_core.package_identification:_identify(src/ur5_moveit_config) by extension 'ignore'
[0.395s] Level 1:colcon.colcon_core.package_identification:_identify(src/ur5_moveit_config) by extension 'ignore_ament_install'
[0.396s] Level 1:colcon.colcon_core.package_identification:_identify(src/ur5_moveit_config) by extensions ['colcon_pkg']
[0.396s] Level 1:colcon.colcon_core.package_identification:_identify(src/ur5_moveit_config) by extension 'colcon_pkg'
[0.396s] Level 1:colcon.colcon_core.package_identification:_identify(src/ur5_moveit_config) by extensions ['colcon_meta']
[0.396s] Level 1:colcon.colcon_core.package_identification:_identify(src/ur5_moveit_config) by extension 'colcon_meta'
[0.396s] Level 1:colcon.colcon_core.package_identification:_identify(src/ur5_moveit_config) by extensions ['ros']
[0.396s] Level 1:colcon.colcon_core.package_identification:_identify(src/ur5_moveit_config) by extension 'ros'
[0.399s] DEBUG:colcon.colcon_core.package_identification:Package 'src/ur5_moveit_config' with type 'ros.ament_python' and name 'ur5_moveit_config'
[0.399s] Level 1:colcon.colcon_core.package_discovery:discover_packages(recursive) using defaults
[0.399s] Level 1:colcon.colcon_core.package_discovery:discover_packages(ignore) discover
[0.399s] Level 1:colcon.colcon_core.package_discovery:discover_packages(ignore) using defaults
[0.399s] Level 1:colcon.colcon_core.package_discovery:discover_packages(path) discover
[0.399s] Level 1:colcon.colcon_core.package_discovery:discover_packages(path) using defaults
[0.425s] INFO:colcon.colcon_core.package_selection:Skipping not selected package 'bc_training' in 'src/bc_training'
[0.426s] Level 5:colcon.colcon_core.verb:set package 'ur5_gazebo' build argument 'cmake_args' from command line to 'None'
[0.426s] Level 5:colcon.colcon_core.verb:set package 'ur5_gazebo' build argument 'cmake_target' from command line to 'None'
[0.426s] Level 5:colcon.colcon_core.verb:set package 'ur5_gazebo' build argument 'cmake_target_skip_unavailable' from command line to 'False'
[0.426s] Level 5:colcon.colcon_core.verb:set package 'ur5_gazebo' build argument 'cmake_clean_cache' from command line to 'False'
[0.426s] Level 5:colcon.colcon_core.verb:set package 'ur5_gazebo' build argument 'cmake_clean_first' from command line to 'False'
[0.427s] Level 5:colcon.colcon_core.verb:set package 'ur5_gazebo' build argument 'cmake_force_configure' from command line to 'False'
[0.427s] Level 5:colcon.colcon_core.verb:set package 'ur5_gazebo' build argument 'ament_cmake_args' from command line to 'None'
[0.427s] Level 5:colcon.colcon_core.verb:set package 'ur5_gazebo' build argument 'catkin_cmake_args' from command line to 'None'
[0.427s] Level 5:colcon.colcon_core.verb:set package 'ur5_gazebo' build argument 'catkin_skip_building_tests' from command line to 'False'
[0.427s] DEBUG:colcon.colcon_core.verb:Building package 'ur5_gazebo' with the following arguments: {'ament_cmake_args': None, 'build_base': '/workspace/build/ur5_gazebo', 'catkin_cmake_args': None, 'catkin_skip_building_tests': False, 'cmake_args': None, 'cmake_clean_cache': False, 'cmake_clean_first': False, 'cmake_force_configure': False, 'cmake_target': None, 'cmake_target_skip_unavailable': False, 'install_base': '/workspace/install/ur5_gazebo', 'merge_install': False, 'path': '/workspace/src/ur5_gazebo', 'symlink_install': False, 'test_result_base': None}
[0.427s] Level 5:colcon.colcon_core.verb:set package 'ur5_moveit_config' build argument 'cmake_args' from command line to 'None'
[0.428s] Level 5:colcon.colcon_core.verb:set package 'ur5_moveit_config' build argument 'cmake_target' from command line to 'None'
[0.428s] Level 5:colcon.colcon_core.verb:set package 'ur5_moveit_config' build argument 'cmake_target_skip_unavailable' from command line to 'False'
[0.428s] Level 5:colcon.colcon_core.verb:set package 'ur5_moveit_config' build argument 'cmake_clean_cache' from command line to 'False'
[0.428s] Level 5:colcon.colcon_core.verb:set package 'ur5_moveit_config' build argument 'cmake_clean_first' from command line to 'False'
[0.428s] Level 5:colcon.colcon_core.verb:set package 'ur5_moveit_config' build argument 'cmake_force_configure' from command line to 'False'
[0.428s] Level 5:colcon.colcon_core.verb:set package 'ur5_moveit_config' build argument 'ament_cmake_args' from command line to 'None'
[0.428s] Level 5:colcon.colcon_core.verb:set package 'ur5_moveit_config' build argument 'catkin_cmake_args' from command line to 'None'
[0.428s] Level 5:colcon.colcon_core.verb:set package 'ur5_moveit_config' build argument 'catkin_skip_building_tests' from command line to 'False'
[0.428s] DEBUG:colcon.colcon_core.verb:Building package 'ur5_moveit_config' with the following arguments: {'ament_cmake_args': None, 'build_base': '/workspace/build/ur5_moveit_config', 'catkin_cmake_args': None, 'catkin_skip_building_tests': False, 'cmake_args': None, 'cmake_clean_cache': False, 'cmake_clean_first': False, 'cmake_force_configure': False, 'cmake_target': None, 'cmake_target_skip_unavailable': False, 'install_base': '/workspace/install/ur5_moveit_config', 'merge_install': False, 'path': '/workspace/src/ur5_moveit_config', 'symlink_install': False, 'test_result_base': None}
[0.428s] INFO:colcon.colcon_core.executor:Executing jobs using 'parallel' executor
[0.356s] Level 1:colcon.colcon_core.package_discovery:discover_packages(colcon_meta) check parameters
[0.433s] DEBUG:colcon.colcon_parallel_executor.executor.parallel:run_until_complete
[0.435s] INFO:colcon.colcon_ros.task.ament_python.build:Building ROS package in '/workspace/src/ur5_gazebo' with build type 'ament_python'
[0.360s] INFO:colcon.colcon_metadata.package_discovery.colcon_meta:Using configuration from '/root/.colcon/metadata/default/Gazebo.meta'
[0.361s] INFO:colcon.colcon_metadata.package_discovery.colcon_meta:Using configuration from '/root/.colcon/metadata/default/fastdds.meta'
[0.437s] Level 1:colcon.colcon_core.shell:create_environment_hook('ur5_gazebo', 'ament_prefix_path')
[0.362s] INFO:colcon.colcon_metadata.package_discovery.colcon_meta:Using configuration from '/root/.colcon/metadata/default/fastrtps.meta'
[0.440s] INFO:colcon.colcon_core.plugin_system:Skipping extension 'colcon_core.shell.bat': Not used on non-Windows systems
[0.440s] INFO:colcon.colcon_core.shell:Creating environment hook '/workspace/install/ur5_gazebo/share/ur5_gazebo/hook/ament_prefix_path.ps1'
[0.365s] Level 1:colcon.colcon_core.package_discovery:discover_packages(recursive) check parameters
[0.366s] Level 1:colcon.colcon_core.package_discovery:discover_packages(ignore) check parameters
[0.366s] Level 1:colcon.colcon_core.package_discovery:discover_packages(path) check parameters
[0.366s] Level 1:colcon.colcon_core.package_discovery:discover_packages(colcon_meta) discover
[0.367s] Level 1:colcon.colcon_core.package_discovery:discover_packages(recursive) discover
[0.367s] INFO:colcon.colcon_core.package_discovery:Crawling recursively for packages in '/workspace'
[0.368s] Level 1:colcon.colcon_core.package_identification:_identify(.) by extensions ['ignore', 'ignore_ament_install']
[0.368s] Level 1:colcon.colcon_core.package_identification:_identify(.) by extension 'ignore'
[0.368s] Level 1:colcon.colcon_core.package_identification:_identify(.) by extension 'ignore_ament_install'
[0.444s] INFO:colcon.colcon_core.shell:Creating environment descriptor '/workspace/install/ur5_gazebo/share/ur5_gazebo/hook/ament_prefix_path.dsv'
[0.369s] Level 1:colcon.colcon_core.package_identification:_identify(.) by extensions ['colcon_pkg']
[0.369s] Level 1:colcon.colcon_core.package_identification:_identify(.) by extension 'colcon_pkg'
[0.369s] Level 1:colcon.colcon_core.package_identification:_identify(.) by extensions ['colcon_meta']
[0.370s] Level 1:colcon.colcon_core.package_identification:_identify(.) by extension 'colcon_meta'
[0.370s] Level 1:colcon.colcon_core.package_identification:_identify(.) by extensions ['ros']
[0.370s] Level 1:colcon.colcon_core.package_identification:_identify(.) by extension 'ros'
[0.449s] INFO:colcon.colcon_core.shell:Creating environment hook '/workspace/install/ur5_gazebo/share/ur5_gazebo/hook/ament_prefix_path.sh'
[0.455s] INFO:colcon.colcon_core.shell:Skip shell extension 'powershell' for command environment: Not usable outside of PowerShell
[0.455s] DEBUG:colcon.colcon_core.shell:Skip shell extension 'dsv' for command environment
[0.388s] Level 1:colcon.colcon_core.package_identification:_identify(.) by extensions ['cmake', 'python']
[0.388s] Level 1:colcon.colcon_core.package_identification:_identify(.) by extension 'cmake'
[0.388s] Level 1:colcon.colcon_core.package_identification:_identify(.) by extension 'python'
[0.389s] Level 1:colcon.colcon_core.package_identification:_identify(.) by extensions ['python_setup_py']
[0.389s] Level 1:colcon.colcon_core.package_identification:_identify(.) by extension 'python_setup_py'
[0.390s] Level 1:colcon.colcon_core.package_identification:_identify(build) by extensions ['ignore', 'ignore_ament_install']
[0.391s] Level 1:colcon.colcon_core.package_identification:_identify(build) by extension 'ignore'
[0.391s] Level 1:colcon.colcon_core.package_identification:_identify(build) ignored
[0.394s] Level 1:colcon.colcon_core.package_identification:_identify(install) by extensions ['ignore', 'ignore_ament_install']
[0.394s] Level 1:colcon.colcon_core.package_identification:_identify(install) by extension 'ignore'
[0.394s] Level 1:colcon.colcon_core.package_identification:_identify(install) ignored
[0.466s] INFO:colcon.colcon_ros.task.ament_python.build:Building ROS package in '/workspace/src/ur5_moveit_config' with build type 'ament_python'
[0.395s] Level 1:colcon.colcon_core.package_identification:_identify(log) by extensions ['ignore', 'ignore_ament_install']
[0.395s] Level 1:colcon.colcon_core.package_identification:_identify(log) by extension 'ignore'
[0.395s] Level 1:colcon.colcon_core.package_identification:_identify(log) ignored
[0.395s] Level 1:colcon.colcon_core.package_identification:_identify(src) by extensions ['ignore', 'ignore_ament_install']
[0.396s] Level 1:colcon.colcon_core.package_identification:_identify(src) by extension 'ignore'
[0.471s] Level 1:colcon.colcon_core.shell:create_environment_hook('ur5_moveit_config', 'ament_prefix_path')
[0.472s] INFO:colcon.colcon_core.shell:Creating environment hook '/workspace/install/ur5_moveit_config/share/ur5_moveit_config/hook/ament_prefix_path.ps1'
[0.396s] Level 1:colcon.colcon_core.package_identification:_identify(src) by extension 'ignore_ament_install'
[0.397s] Level 1:colcon.colcon_core.package_identification:_identify(src) by extensions ['colcon_pkg']
[0.397s] Level 1:colcon.colcon_core.package_identification:_identify(src) by extension 'colcon_pkg'
[0.397s] Level 1:colcon.colcon_core.package_identification:_identify(src) by extensions ['colcon_meta']
[0.397s] Level 1:colcon.colcon_core.package_identification:_identify(src) by extension 'colcon_meta'
[0.397s] Level 1:colcon.colcon_core.package_identification:_identify(src) by extensions ['ros']
[0.398s] Level 1:colcon.colcon_core.package_identification:_identify(src) by extension 'ros'
[0.398s] Level 1:colcon.colcon_core.package_identification:_identify(src) by extensions ['cmake', 'python']
[0.398s] Level 1:colcon.colcon_core.package_identification:_identify(src) by extension 'cmake'
[0.399s] Level 1:colcon.colcon_core.package_identification:_identify(src) by extension 'python'
[0.399s] Level 1:colcon.colcon_core.package_identification:_identify(src) by extensions ['python_setup_py']
[0.399s] Level 1:colcon.colcon_core.package_identification:_identify(src) by extension 'python_setup_py'
[0.400s] Level 1:colcon.colcon_core.package_identification:_identify(src/bc_training) by extensions ['ignore', 'ignore_ament_install']
[0.400s] Level 1:colcon.colcon_core.package_identification:_identify(src/bc_training) by extension 'ignore'
[0.400s] Level 1:colcon.colcon_core.package_identification:_identify(src/bc_training) by extension 'ignore_ament_install'
[0.476s] INFO:colcon.colcon_core.shell:Creating environment descriptor '/workspace/install/ur5_moveit_config/share/ur5_moveit_config/hook/ament_prefix_path.dsv'
[0.401s] Level 1:colcon.colcon_core.package_identification:_identify(src/bc_training) by extensions ['colcon_pkg']
[0.402s] Level 1:colcon.colcon_core.package_identification:_identify(src/bc_training) by extension 'colcon_pkg'
[0.402s] Level 1:colcon.colcon_core.package_identification:_identify(src/bc_training) by extensions ['colcon_meta']
[0.402s] Level 1:colcon.colcon_core.package_identification:_identify(src/bc_training) by extension 'colcon_meta'
[0.402s] Level 1:colcon.colcon_core.package_identification:_identify(src/bc_training) by extensions ['ros']
[0.403s] Level 1:colcon.colcon_core.package_identification:_identify(src/bc_training) by extension 'ros'
[0.478s] INFO:colcon.colcon_core.shell:Creating environment hook '/workspace/install/ur5_moveit_config/share/ur5_moveit_config/hook/ament_prefix_path.sh'
[0.482s] INFO:colcon.colcon_core.shell:Skip shell extension 'powershell' for command environment: Not usable outside of PowerShell
[0.482s] DEBUG:colcon.colcon_core.shell:Skip shell extension 'dsv' for command environment
[0.414s] DEBUG:colcon.colcon_core.package_identification:Package 'src/bc_training' with type 'ros.ament_python' and name 'bc_training'
[0.420s] Level 1:colcon.colcon_core.package_identification:_identify(src/ur5_gazebo) by extensions ['ignore', 'ignore_ament_install']
[0.421s] Level 1:colcon.colcon_core.package_identification:_identify(src/ur5_gazebo) by extension 'ignore'
[0.421s] Level 1:colcon.colcon_core.package_identification:_identify(src/ur5_gazebo) by extension 'ignore_ament_install'
[0.421s] Level 1:colcon.colcon_core.package_identification:_identify(src/ur5_gazebo) by extensions ['colcon_pkg']
[0.421s] Level 1:colcon.colcon_core.package_identification:_identify(src/ur5_gazebo) by extension 'colcon_pkg'
[0.421s] Level 1:colcon.colcon_core.package_identification:_identify(src/ur5_gazebo) by extensions ['colcon_meta']
[0.422s] Level 1:colcon.colcon_core.package_identification:_identify(src/ur5_gazebo) by extension 'colcon_meta'
[0.422s] Level 1:colcon.colcon_core.package_identification:_identify(src/ur5_gazebo) by extensions ['ros']
[0.422s] Level 1:colcon.colcon_core.package_identification:_identify(src/ur5_gazebo) by extension 'ros'
[0.424s] DEBUG:colcon.colcon_core.package_identification:Package 'src/ur5_gazebo' with type 'ros.ament_python' and name 'ur5_gazebo'
[0.424s] Level 1:colcon.colcon_core.package_identification:_identify(src/ur5_moveit_config) by extensions ['ignore', 'ignore_ament_install']
[0.425s] Level 1:colcon.colcon_core.package_identification:_identify(src/ur5_moveit_config) by extension 'ignore'
[0.425s] Level 1:colcon.colcon_core.package_identification:_identify(src/ur5_moveit_config) by extension 'ignore_ament_install'
[0.425s] Level 1:colcon.colcon_core.package_identification:_identify(src/ur5_moveit_config) by extensions ['colcon_pkg']
[0.425s] Level 1:colcon.colcon_core.package_identification:_identify(src/ur5_moveit_config) by extension 'colcon_pkg'
[0.426s] Level 1:colcon.colcon_core.package_identification:_identify(src/ur5_moveit_config) by extensions ['colcon_meta']
[0.426s] Level 1:colcon.colcon_core.package_identification:_identify(src/ur5_moveit_config) by extension 'colcon_meta'
[0.426s] Level 1:colcon.colcon_core.package_identification:_identify(src/ur5_moveit_config) by extensions ['ros']
[0.426s] Level 1:colcon.colcon_core.package_identification:_identify(src/ur5_moveit_config) by extension 'ros'
[0.429s] DEBUG:colcon.colcon_core.package_identification:Package 'src/ur5_moveit_config' with type 'ros.ament_python' and name 'ur5_moveit_config'
[0.429s] Level 1:colcon.colcon_core.package_discovery:discover_packages(recursive) using defaults
[0.429s] Level 1:colcon.colcon_core.package_discovery:discover_packages(ignore) discover
[0.429s] Level 1:colcon.colcon_core.package_discovery:discover_packages(ignore) using defaults
[0.429s] Level 1:colcon.colcon_core.package_discovery:discover_packages(path) discover
[0.429s] Level 1:colcon.colcon_core.package_discovery:discover_packages(path) using defaults
[0.459s] INFO:colcon.colcon_core.package_selection:Skipping not selected package 'bc_training' in 'src/bc_training'
[0.460s] Level 5:colcon.colcon_core.verb:set package 'ur5_gazebo' build argument 'cmake_args' from command line to 'None'
[0.460s] Level 5:colcon.colcon_core.verb:set package 'ur5_gazebo' build argument 'cmake_target' from command line to 'None'
[0.460s] Level 5:colcon.colcon_core.verb:set package 'ur5_gazebo' build argument 'cmake_target_skip_unavailable' from command line to 'False'
[0.460s] Level 5:colcon.colcon_core.verb:set package 'ur5_gazebo' build argument 'cmake_clean_cache' from command line to 'False'
[0.460s] Level 5:colcon.colcon_core.verb:set package 'ur5_gazebo' build argument 'cmake_clean_first' from command line to 'False'
[0.460s] Level 5:colcon.colcon_core.verb:set package 'ur5_gazebo' build argument 'cmake_force_configure' from command line to 'False'
[0.460s] Level 5:colcon.colcon_core.verb:set package 'ur5_gazebo' build argument 'ament_cmake_args' from command line to 'None'
[0.460s] Level 5:colcon.colcon_core.verb:set package 'ur5_gazebo' build argument 'catkin_cmake_args' from command line to 'None'
[0.460s] Level 5:colcon.colcon_core.verb:set package 'ur5_gazebo' build argument 'catkin_skip_building_tests' from command line to 'False'
[0.461s] DEBUG:colcon.colcon_core.verb:Building package 'ur5_gazebo' with the following arguments: {'ament_cmake_args': None, 'build_base': '/workspace/build/ur5_gazebo', 'catkin_cmake_args': None, 'catkin_skip_building_tests': False, 'cmake_args': None, 'cmake_clean_cache': False, 'cmake_clean_first': False, 'cmake_force_configure': False, 'cmake_target': None, 'cmake_target_skip_unavailable': False, 'install_base': '/workspace/install/ur5_gazebo', 'merge_install': False, 'path': '/workspace/src/ur5_gazebo', 'symlink_install': False, 'test_result_base': None}
[0.461s] Level 5:colcon.colcon_core.verb:set package 'ur5_moveit_config' build argument 'cmake_args' from command line to 'None'
[0.461s] Level 5:colcon.colcon_core.verb:set package 'ur5_moveit_config' build argument 'cmake_target' from command line to 'None'
[0.461s] Level 5:colcon.colcon_core.verb:set package 'ur5_moveit_config' build argument 'cmake_target_skip_unavailable' from command line to 'False'
[0.462s] Level 5:colcon.colcon_core.verb:set package 'ur5_moveit_config' build argument 'cmake_clean_cache' from command line to 'False'
[0.462s] Level 5:colcon.colcon_core.verb:set package 'ur5_moveit_config' build argument 'cmake_clean_first' from command line to 'False'
[0.462s] Level 5:colcon.colcon_core.verb:set package 'ur5_moveit_config' build argument 'cmake_force_configure' from command line to 'False'
[0.462s] Level 5:colcon.colcon_core.verb:set package 'ur5_moveit_config' build argument 'ament_cmake_args' from command line to 'None'
[0.462s] Level 5:colcon.colcon_core.verb:set package 'ur5_moveit_config' build argument 'catkin_cmake_args' from command line to 'None'
[0.462s] Level 5:colcon.colcon_core.verb:set package 'ur5_moveit_config' build argument 'catkin_skip_building_tests' from command line to 'False'
[0.462s] DEBUG:colcon.colcon_core.verb:Building package 'ur5_moveit_config' with the following arguments: {'ament_cmake_args': None, 'build_base': '/workspace/build/ur5_moveit_config', 'catkin_cmake_args': None, 'catkin_skip_building_tests': False, 'cmake_args': None, 'cmake_clean_cache': False, 'cmake_clean_first': False, 'cmake_force_configure': False, 'cmake_target': None, 'cmake_target_skip_unavailable': False, 'install_base': '/workspace/install/ur5_moveit_config', 'merge_install': False, 'path': '/workspace/src/ur5_moveit_config', 'symlink_install': False, 'test_result_base': None}
[0.462s] INFO:colcon.colcon_core.executor:Executing jobs using 'parallel' executor
[0.467s] DEBUG:colcon.colcon_parallel_executor.executor.parallel:run_until_complete
[0.469s] INFO:colcon.colcon_ros.task.ament_python.build:Building ROS package in '/workspace/src/ur5_gazebo' with build type 'ament_python'
[0.469s] Level 1:colcon.colcon_core.shell:create_environment_hook('ur5_gazebo', 'ament_prefix_path')
[0.471s] INFO:colcon.colcon_core.plugin_system:Skipping extension 'colcon_core.shell.bat': Not used on non-Windows systems
[0.472s] INFO:colcon.colcon_core.shell:Creating environment hook '/workspace/install/ur5_gazebo/share/ur5_gazebo/hook/ament_prefix_path.ps1'
[0.474s] INFO:colcon.colcon_core.shell:Creating environment descriptor '/workspace/install/ur5_gazebo/share/ur5_gazebo/hook/ament_prefix_path.dsv'
[0.476s] INFO:colcon.colcon_core.shell:Creating environment hook '/workspace/install/ur5_gazebo/share/ur5_gazebo/hook/ament_prefix_path.sh'
[0.477s] INFO:colcon.colcon_core.shell:Skip shell extension 'powershell' for command environment: Not usable outside of PowerShell
[0.477s] DEBUG:colcon.colcon_core.shell:Skip shell extension 'dsv' for command environment
[0.487s] INFO:colcon.colcon_ros.task.ament_python.build:Building ROS package in '/workspace/src/ur5_moveit_config' with build type 'ament_python'
[0.489s] Level 1:colcon.colcon_core.shell:create_environment_hook('ur5_moveit_config', 'ament_prefix_path')
[0.489s] INFO:colcon.colcon_core.shell:Creating environment hook '/workspace/install/ur5_moveit_config/share/ur5_moveit_config/hook/ament_prefix_path.ps1'
[0.493s] INFO:colcon.colcon_core.shell:Creating environment descriptor '/workspace/install/ur5_moveit_config/share/ur5_moveit_config/hook/ament_prefix_path.dsv'
[0.494s] INFO:colcon.colcon_core.shell:Creating environment hook '/workspace/install/ur5_moveit_config/share/ur5_moveit_config/hook/ament_prefix_path.sh'
[0.497s] INFO:colcon.colcon_core.shell:Skip shell extension 'powershell' for command environment: Not usable outside of PowerShell
[0.497s] DEBUG:colcon.colcon_core.shell:Skip shell extension 'dsv' for command environment
[0.906s] INFO:colcon.colcon_core.task.python.build:Building Python package in '/workspace/src/ur5_gazebo'
[0.910s] INFO:colcon.colcon_core.shell:Skip shell extension 'powershell' for command environment: Not usable outside of PowerShell
[0.910s] DEBUG:colcon.colcon_core.shell:Skip shell extension 'dsv' for command environment
[0.934s] INFO:colcon.colcon_core.task.python.build:Building Python package in '/workspace/src/ur5_gazebo'
[0.935s] INFO:colcon.colcon_core.shell:Skip shell extension 'powershell' for command environment: Not usable outside of PowerShell
[0.936s] DEBUG:colcon.colcon_core.shell:Skip shell extension 'dsv' for command environment
[1.304s] INFO:colcon.colcon_core.task.python.build:Building Python package in '/workspace/src/ur5_moveit_config'
[1.305s] INFO:colcon.colcon_core.shell:Skip shell extension 'powershell' for command environment: Not usable outside of PowerShell
[1.305s] DEBUG:colcon.colcon_core.shell:Skip shell extension 'dsv' for command environment
[1.342s] INFO:colcon.colcon_core.task.python.build:Building Python package in '/workspace/src/ur5_moveit_config'
[1.345s] INFO:colcon.colcon_core.shell:Skip shell extension 'powershell' for command environment: Not usable outside of PowerShell
[1.345s] DEBUG:colcon.colcon_core.shell:Skip shell extension 'dsv' for command environment
[1.828s] DEBUG:colcon.colcon_core.event_handler.log_command:Invoking command in '/workspace/src/ur5_gazebo': PYTHONPATH=/workspace/build/ur5_gazebo/prefix_override:/usr/lib/python3/dist-packages/colcon_core/task/python/colcon_distutils_commands:/workspace/install/ur5_gazebo/lib/python3.10/site-packages:${PYTHONPATH} /usr/bin/python3 -W ignore:setup.py install is deprecated -W ignore:easy_install command is deprecated setup.py egg_info --egg-base ../../build/ur5_gazebo build --build-base /workspace/build/ur5_gazebo/build install --record /workspace/build/ur5_gazebo/install.log --single-version-externally-managed install_data
[1.885s] DEBUG:colcon.colcon_core.event_handler.log_command:Invoking command in '/workspace/src/ur5_moveit_config': PYTHONPATH=/workspace/build/ur5_moveit_config/prefix_override:/usr/lib/python3/dist-packages/colcon_core/task/python/colcon_distutils_commands:/workspace/install/ur5_moveit_config/lib/python3.10/site-packages:${PYTHONPATH} /usr/bin/python3 -W ignore:setup.py install is deprecated -W ignore:easy_install command is deprecated setup.py egg_info --egg-base ../../build/ur5_moveit_config build --build-base /workspace/build/ur5_moveit_config/build install --record /workspace/build/ur5_moveit_config/install.log --single-version-externally-managed install_data
[1.881s] DEBUG:colcon.colcon_core.event_handler.log_command:Invoking command in '/workspace/src/ur5_gazebo': PYTHONPATH=/workspace/build/ur5_gazebo/prefix_override:/usr/lib/python3/dist-packages/colcon_core/task/python/colcon_distutils_commands:/workspace/install/ur5_gazebo/lib/python3.10/site-packages:${PYTHONPATH} /usr/bin/python3 -W ignore:setup.py install is deprecated -W ignore:easy_install command is deprecated setup.py egg_info --egg-base ../../build/ur5_gazebo build --build-base /workspace/build/ur5_gazebo/build install --record /workspace/build/ur5_gazebo/install.log --single-version-externally-managed install_data
[2.010s] DEBUG:colcon.colcon_core.event_handler.log_command:Invoking command in '/workspace/src/ur5_moveit_config': PYTHONPATH=/workspace/build/ur5_moveit_config/prefix_override:/usr/lib/python3/dist-packages/colcon_core/task/python/colcon_distutils_commands:/workspace/install/ur5_moveit_config/lib/python3.10/site-packages:${PYTHONPATH} /usr/bin/python3 -W ignore:setup.py install is deprecated -W ignore:easy_install command is deprecated setup.py egg_info --egg-base ../../build/ur5_moveit_config build --build-base /workspace/build/ur5_moveit_config/build install --record /workspace/build/ur5_moveit_config/install.log --single-version-externally-managed install_data
[2.470s] DEBUG:colcon.colcon_core.event_handler.log_command:Invoked command in '/workspace/src/ur5_gazebo' returned '0': PYTHONPATH=/workspace/build/ur5_gazebo/prefix_override:/usr/lib/python3/dist-packages/colcon_core/task/python/colcon_distutils_commands:/workspace/install/ur5_gazebo/lib/python3.10/site-packages:${PYTHONPATH} /usr/bin/python3 -W ignore:setup.py install is deprecated -W ignore:easy_install command is deprecated setup.py egg_info --egg-base ../../build/ur5_gazebo build --build-base /workspace/build/ur5_gazebo/build install --record /workspace/build/ur5_gazebo/install.log --single-version-externally-managed install_data
[2.474s] Level 1:colcon.colcon_core.environment:checking '/workspace/install/ur5_gazebo' for CMake module files
[2.477s] Level 1:colcon.colcon_core.environment:checking '/workspace/install/ur5_gazebo' for CMake config files
[2.487s] Level 1:colcon.colcon_core.environment:checking '/workspace/install/ur5_gazebo/lib'
[2.489s] Level 1:colcon.colcon_core.environment:checking '/workspace/install/ur5_gazebo/bin'
[2.490s] Level 1:colcon.colcon_core.shell:create_environment_hook('ur5_gazebo', 'path')
[2.492s] INFO:colcon.colcon_core.shell:Creating environment hook '/workspace/install/ur5_gazebo/share/ur5_gazebo/hook/path.ps1'
[2.495s] INFO:colcon.colcon_core.shell:Creating environment descriptor '/workspace/install/ur5_gazebo/share/ur5_gazebo/hook/path.dsv'
[2.497s] INFO:colcon.colcon_core.shell:Creating environment hook '/workspace/install/ur5_gazebo/share/ur5_gazebo/hook/path.sh'
[2.422s] DEBUG:colcon.colcon_core.event_handler.log_command:Invoked command in '/workspace/src/ur5_gazebo' returned '0': PYTHONPATH=/workspace/build/ur5_gazebo/prefix_override:/usr/lib/python3/dist-packages/colcon_core/task/python/colcon_distutils_commands:/workspace/install/ur5_gazebo/lib/python3.10/site-packages:${PYTHONPATH} /usr/bin/python3 -W ignore:setup.py install is deprecated -W ignore:easy_install command is deprecated setup.py egg_info --egg-base ../../build/ur5_gazebo build --build-base /workspace/build/ur5_gazebo/build install --record /workspace/build/ur5_gazebo/install.log --single-version-externally-managed install_data
[2.499s] Level 1:colcon.colcon_core.environment:checking '/workspace/install/ur5_gazebo/lib/pkgconfig/ur5_gazebo.pc'
[2.425s] Level 1:colcon.colcon_core.environment:checking '/workspace/install/ur5_gazebo' for CMake module files
[2.500s] Level 1:colcon.colcon_core.environment:checking '/workspace/install/ur5_gazebo/lib/python3.10/site-packages'
[2.501s] Level 1:colcon.colcon_core.shell:create_environment_hook('ur5_gazebo', 'pythonpath')
[2.502s] INFO:colcon.colcon_core.shell:Creating environment hook '/workspace/install/ur5_gazebo/share/ur5_gazebo/hook/pythonpath.ps1'
[2.428s] Level 1:colcon.colcon_core.environment:checking '/workspace/install/ur5_gazebo' for CMake config files
[2.504s] INFO:colcon.colcon_core.shell:Creating environment descriptor '/workspace/install/ur5_gazebo/share/ur5_gazebo/hook/pythonpath.dsv'
[2.506s] INFO:colcon.colcon_core.shell:Creating environment hook '/workspace/install/ur5_gazebo/share/ur5_gazebo/hook/pythonpath.sh'
[2.509s] Level 1:colcon.colcon_core.environment:checking '/workspace/install/ur5_gazebo/bin'
[2.510s] Level 1:colcon.colcon_core.shell:create_environment_hook('ur5_gazebo', 'pythonscriptspath')
[2.511s] INFO:colcon.colcon_core.shell:Creating environment hook '/workspace/install/ur5_gazebo/share/ur5_gazebo/hook/pythonscriptspath.ps1'
[2.513s] INFO:colcon.colcon_core.shell:Creating environment descriptor '/workspace/install/ur5_gazebo/share/ur5_gazebo/hook/pythonscriptspath.dsv'
[2.515s] INFO:colcon.colcon_core.shell:Creating environment hook '/workspace/install/ur5_gazebo/share/ur5_gazebo/hook/pythonscriptspath.sh'
[2.442s] Level 1:colcon.colcon_core.environment:checking '/workspace/install/ur5_gazebo/lib'
[2.443s] Level 1:colcon.colcon_core.environment:checking '/workspace/install/ur5_gazebo/bin'
[2.519s] Level 1:colcon.colcon_core.environment:create_environment_scripts_only(ur5_gazebo)
[2.444s] Level 1:colcon.colcon_core.shell:create_environment_hook('ur5_gazebo', 'path')
[2.445s] INFO:colcon.colcon_core.shell:Creating environment hook '/workspace/install/ur5_gazebo/share/ur5_gazebo/hook/path.ps1'
[2.522s] INFO:colcon.colcon_core.shell:Creating package script '/workspace/install/ur5_gazebo/share/ur5_gazebo/package.ps1'
[2.452s] INFO:colcon.colcon_core.shell:Creating environment descriptor '/workspace/install/ur5_gazebo/share/ur5_gazebo/hook/path.dsv'
[2.529s] INFO:colcon.colcon_core.shell:Creating package descriptor '/workspace/install/ur5_gazebo/share/ur5_gazebo/package.dsv'
[2.458s] INFO:colcon.colcon_core.shell:Creating environment hook '/workspace/install/ur5_gazebo/share/ur5_gazebo/hook/path.sh'
[2.536s] INFO:colcon.colcon_core.shell:Creating package script '/workspace/install/ur5_gazebo/share/ur5_gazebo/package.sh'
[2.464s] Level 1:colcon.colcon_core.environment:checking '/workspace/install/ur5_gazebo/lib/pkgconfig/ur5_gazebo.pc'
[2.466s] Level 1:colcon.colcon_core.environment:checking '/workspace/install/ur5_gazebo/lib/python3.10/site-packages'
[2.466s] Level 1:colcon.colcon_core.shell:create_environment_hook('ur5_gazebo', 'pythonpath')
[2.467s] INFO:colcon.colcon_core.shell:Creating environment hook '/workspace/install/ur5_gazebo/share/ur5_gazebo/hook/pythonpath.ps1'
[2.542s] INFO:colcon.colcon_core.shell:Creating package script '/workspace/install/ur5_gazebo/share/ur5_gazebo/package.bash'
[2.546s] INFO:colcon.colcon_core.shell:Creating package script '/workspace/install/ur5_gazebo/share/ur5_gazebo/package.zsh'
[2.471s] INFO:colcon.colcon_core.shell:Creating environment descriptor '/workspace/install/ur5_gazebo/share/ur5_gazebo/hook/pythonpath.dsv'
[2.550s] Level 1:colcon.colcon_core.environment:create_file_with_runtime_dependencies(/workspace/install/ur5_gazebo/share/colcon-core/packages/ur5_gazebo)
[2.475s] INFO:colcon.colcon_core.shell:Creating environment hook '/workspace/install/ur5_gazebo/share/ur5_gazebo/hook/pythonpath.sh'
[2.555s] Level 1:colcon.colcon_core.environment:checking '/workspace/install/ur5_moveit_config' for CMake module files
[2.480s] Level 1:colcon.colcon_core.environment:checking '/workspace/install/ur5_gazebo/bin'
[2.481s] Level 1:colcon.colcon_core.shell:create_environment_hook('ur5_gazebo', 'pythonscriptspath')
[2.484s] INFO:colcon.colcon_core.shell:Creating environment hook '/workspace/install/ur5_gazebo/share/ur5_gazebo/hook/pythonscriptspath.ps1'
[2.559s] Level 1:colcon.colcon_core.environment:checking '/workspace/install/ur5_moveit_config' for CMake config files
[2.562s] DEBUG:colcon.colcon_core.event_handler.log_command:Invoked command in '/workspace/src/ur5_moveit_config' returned '0': PYTHONPATH=/workspace/build/ur5_moveit_config/prefix_override:/usr/lib/python3/dist-packages/colcon_core/task/python/colcon_distutils_commands:/workspace/install/ur5_moveit_config/lib/python3.10/site-packages:${PYTHONPATH} /usr/bin/python3 -W ignore:setup.py install is deprecated -W ignore:easy_install command is deprecated setup.py egg_info --egg-base ../../build/ur5_moveit_config build --build-base /workspace/build/ur5_moveit_config/build install --record /workspace/build/ur5_moveit_config/install.log --single-version-externally-managed install_data
[2.488s] INFO:colcon.colcon_core.shell:Creating environment descriptor '/workspace/install/ur5_gazebo/share/ur5_gazebo/hook/pythonscriptspath.dsv'
[2.490s] INFO:colcon.colcon_core.shell:Creating environment hook '/workspace/install/ur5_gazebo/share/ur5_gazebo/hook/pythonscriptspath.sh'
[2.492s] Level 1:colcon.colcon_core.environment:create_environment_scripts_only(ur5_gazebo)
[2.493s] INFO:colcon.colcon_core.shell:Creating package script '/workspace/install/ur5_gazebo/share/ur5_gazebo/package.ps1'
[2.569s] Level 1:colcon.colcon_core.environment:checking '/workspace/install/ur5_moveit_config/lib'
[2.570s] Level 1:colcon.colcon_core.environment:checking '/workspace/install/ur5_moveit_config/bin'
[2.572s] Level 1:colcon.colcon_core.environment:checking '/workspace/install/ur5_moveit_config/lib/pkgconfig/ur5_moveit_config.pc'
[2.573s] Level 1:colcon.colcon_core.environment:checking '/workspace/install/ur5_moveit_config/lib/python3.10/site-packages'
[2.573s] Level 1:colcon.colcon_core.shell:create_environment_hook('ur5_moveit_config', 'pythonpath')
[2.574s] INFO:colcon.colcon_core.shell:Creating environment hook '/workspace/install/ur5_moveit_config/share/ur5_moveit_config/hook/pythonpath.ps1'
[2.578s] INFO:colcon.colcon_core.shell:Creating environment descriptor '/workspace/install/ur5_moveit_config/share/ur5_moveit_config/hook/pythonpath.dsv'
[2.503s] INFO:colcon.colcon_core.shell:Creating package descriptor '/workspace/install/ur5_gazebo/share/ur5_gazebo/package.dsv'
[2.581s] INFO:colcon.colcon_core.shell:Creating environment hook '/workspace/install/ur5_moveit_config/share/ur5_moveit_config/hook/pythonpath.sh'
[2.506s] INFO:colcon.colcon_core.shell:Creating package script '/workspace/install/ur5_gazebo/share/ur5_gazebo/package.sh'
[2.583s] Level 1:colcon.colcon_core.environment:checking '/workspace/install/ur5_moveit_config/bin'
[2.585s] Level 1:colcon.colcon_core.environment:create_environment_scripts_only(ur5_moveit_config)
[2.586s] INFO:colcon.colcon_core.shell:Creating package script '/workspace/install/ur5_moveit_config/share/ur5_moveit_config/package.ps1'
[2.588s] INFO:colcon.colcon_core.shell:Creating package descriptor '/workspace/install/ur5_moveit_config/share/ur5_moveit_config/package.dsv'
[2.513s] INFO:colcon.colcon_core.shell:Creating package script '/workspace/install/ur5_gazebo/share/ur5_gazebo/package.bash'
[2.592s] INFO:colcon.colcon_core.shell:Creating package script '/workspace/install/ur5_moveit_config/share/ur5_moveit_config/package.sh'
[2.595s] INFO:colcon.colcon_core.shell:Creating package script '/workspace/install/ur5_moveit_config/share/ur5_moveit_config/package.bash'
[2.520s] INFO:colcon.colcon_core.shell:Creating package script '/workspace/install/ur5_gazebo/share/ur5_gazebo/package.zsh'
[2.598s] INFO:colcon.colcon_core.shell:Creating package script '/workspace/install/ur5_moveit_config/share/ur5_moveit_config/package.zsh'
[2.523s] Level 1:colcon.colcon_core.environment:create_file_with_runtime_dependencies(/workspace/install/ur5_gazebo/share/colcon-core/packages/ur5_gazebo)
[2.600s] Level 1:colcon.colcon_core.environment:create_file_with_runtime_dependencies(/workspace/install/ur5_moveit_config/share/colcon-core/packages/ur5_moveit_config)
[2.603s] DEBUG:colcon.colcon_parallel_executor.executor.parallel:closing loop
[2.605s] DEBUG:colcon.colcon_parallel_executor.executor.parallel:loop closed
[2.605s] DEBUG:colcon.colcon_parallel_executor.executor.parallel:run_until_complete finished with '0'
[2.606s] DEBUG:colcon.colcon_core.event_reactor:joining thread
[2.539s] Level 1:colcon.colcon_core.environment:checking '/workspace/install/ur5_moveit_config' for CMake module files
[2.547s] Level 1:colcon.colcon_core.environment:checking '/workspace/install/ur5_moveit_config' for CMake config files
[2.551s] DEBUG:colcon.colcon_core.event_handler.log_command:Invoked command in '/workspace/src/ur5_moveit_config' returned '0': PYTHONPATH=/workspace/build/ur5_moveit_config/prefix_override:/usr/lib/python3/dist-packages/colcon_core/task/python/colcon_distutils_commands:/workspace/install/ur5_moveit_config/lib/python3.10/site-packages:${PYTHONPATH} /usr/bin/python3 -W ignore:setup.py install is deprecated -W ignore:easy_install command is deprecated setup.py egg_info --egg-base ../../build/ur5_moveit_config build --build-base /workspace/build/ur5_moveit_config/build install --record /workspace/build/ur5_moveit_config/install.log --single-version-externally-managed install_data
[2.555s] Level 1:colcon.colcon_core.environment:checking '/workspace/install/ur5_moveit_config/lib'
[2.556s] Level 1:colcon.colcon_core.environment:checking '/workspace/install/ur5_moveit_config/bin'
[2.556s] Level 1:colcon.colcon_core.environment:checking '/workspace/install/ur5_moveit_config/lib/pkgconfig/ur5_moveit_config.pc'
[2.557s] Level 1:colcon.colcon_core.environment:checking '/workspace/install/ur5_moveit_config/lib/python3.10/site-packages'
[2.557s] Level 1:colcon.colcon_core.shell:create_environment_hook('ur5_moveit_config', 'pythonpath')
[2.557s] INFO:colcon.colcon_core.shell:Creating environment hook '/workspace/install/ur5_moveit_config/share/ur5_moveit_config/hook/pythonpath.ps1'
[2.633s] INFO:colcon.colcon_core.plugin_system:Skipping extension 'colcon_notification.desktop_notification.notify_send': Could not find 'notify-send'
[2.634s] INFO:colcon.colcon_core.plugin_system:Skipping extension 'colcon_notification.desktop_notification.terminal_notifier': Not used on non-Darwin systems
[2.559s] INFO:colcon.colcon_core.shell:Creating environment descriptor '/workspace/install/ur5_moveit_config/share/ur5_moveit_config/hook/pythonpath.dsv'
[2.634s] INFO:colcon.colcon_core.plugin_system:Skipping extension 'colcon_notification.desktop_notification.win32': Not used on non-Windows systems
[2.635s] INFO:colcon.colcon_notification.desktop_notification:Sending desktop notification using 'notify2'
[2.560s] INFO:colcon.colcon_core.shell:Creating environment hook '/workspace/install/ur5_moveit_config/share/ur5_moveit_config/hook/pythonpath.sh'
[2.565s] Level 1:colcon.colcon_core.environment:checking '/workspace/install/ur5_moveit_config/bin'
[2.565s] Level 1:colcon.colcon_core.environment:create_environment_scripts_only(ur5_moveit_config)
[2.565s] INFO:colcon.colcon_core.shell:Creating package script '/workspace/install/ur5_moveit_config/share/ur5_moveit_config/package.ps1'
[2.566s] INFO:colcon.colcon_core.shell:Creating package descriptor '/workspace/install/ur5_moveit_config/share/ur5_moveit_config/package.dsv'
[2.568s] INFO:colcon.colcon_core.shell:Creating package script '/workspace/install/ur5_moveit_config/share/ur5_moveit_config/package.sh'
[2.569s] INFO:colcon.colcon_core.shell:Creating package script '/workspace/install/ur5_moveit_config/share/ur5_moveit_config/package.bash'
[2.571s] INFO:colcon.colcon_core.shell:Creating package script '/workspace/install/ur5_moveit_config/share/ur5_moveit_config/package.zsh'
[2.649s] DEBUG:colcon.colcon_notification.desktop_notification.notify2:Failed to initialize notify2: org.freedesktop.DBus.Error.Spawn.ExecFailed: /usr/bin/dbus-launch terminated abnormally without any error message
[2.574s] Level 1:colcon.colcon_core.environment:create_file_with_runtime_dependencies(/workspace/install/ur5_moveit_config/share/colcon-core/packages/ur5_moveit_config)
[2.650s] DEBUG:colcon.colcon_core.event_reactor:joined thread
[2.651s] INFO:colcon.colcon_core.shell:Creating prefix script '/workspace/install/local_setup.ps1'
[2.577s] DEBUG:colcon.colcon_parallel_executor.executor.parallel:closing loop
[2.578s] DEBUG:colcon.colcon_parallel_executor.executor.parallel:loop closed
[2.578s] DEBUG:colcon.colcon_parallel_executor.executor.parallel:run_until_complete finished with '0'
[2.579s] DEBUG:colcon.colcon_core.event_reactor:joining thread
[2.656s] INFO:colcon.colcon_core.shell:Creating prefix util module '/workspace/install/_local_setup_util_ps1.py'
[2.663s] INFO:colcon.colcon_core.shell:Creating prefix chain script '/workspace/install/setup.ps1'
[2.668s] INFO:colcon.colcon_core.shell:Creating prefix script '/workspace/install/local_setup.sh'
[2.671s] INFO:colcon.colcon_core.shell:Creating prefix util module '/workspace/install/_local_setup_util_sh.py'
[2.675s] INFO:colcon.colcon_core.shell:Creating prefix chain script '/workspace/install/setup.sh'
[2.677s] INFO:colcon.colcon_core.shell:Creating prefix script '/workspace/install/local_setup.bash'
[2.679s] INFO:colcon.colcon_core.shell:Creating prefix chain script '/workspace/install/setup.bash'
[2.681s] INFO:colcon.colcon_core.shell:Creating prefix script '/workspace/install/local_setup.zsh'
[2.683s] INFO:colcon.colcon_core.shell:Creating prefix chain script '/workspace/install/setup.zsh'
[2.612s] INFO:colcon.colcon_core.plugin_system:Skipping extension 'colcon_notification.desktop_notification.notify_send': Could not find 'notify-send'
[2.615s] INFO:colcon.colcon_core.plugin_system:Skipping extension 'colcon_notification.desktop_notification.terminal_notifier': Not used on non-Darwin systems
[2.616s] INFO:colcon.colcon_core.plugin_system:Skipping extension 'colcon_notification.desktop_notification.win32': Not used on non-Windows systems
[2.616s] INFO:colcon.colcon_notification.desktop_notification:Sending desktop notification using 'notify2'
[2.626s] DEBUG:colcon.colcon_notification.desktop_notification.notify2:Failed to initialize notify2: org.freedesktop.DBus.Error.Spawn.ExecFailed: /usr/bin/dbus-launch terminated abnormally without any error message
[2.628s] DEBUG:colcon.colcon_core.event_reactor:joined thread
[2.629s] INFO:colcon.colcon_core.shell:Creating prefix script '/workspace/install/local_setup.ps1'
[2.637s] INFO:colcon.colcon_core.shell:Creating prefix util module '/workspace/install/_local_setup_util_ps1.py'
[2.646s] INFO:colcon.colcon_core.shell:Creating prefix chain script '/workspace/install/setup.ps1'
[2.652s] INFO:colcon.colcon_core.shell:Creating prefix script '/workspace/install/local_setup.sh'
[2.658s] INFO:colcon.colcon_core.shell:Creating prefix util module '/workspace/install/_local_setup_util_sh.py'
[2.661s] INFO:colcon.colcon_core.shell:Creating prefix chain script '/workspace/install/setup.sh'
[2.665s] INFO:colcon.colcon_core.shell:Creating prefix script '/workspace/install/local_setup.bash'
[2.667s] INFO:colcon.colcon_core.shell:Creating prefix chain script '/workspace/install/setup.bash'
[2.670s] INFO:colcon.colcon_core.shell:Creating prefix script '/workspace/install/local_setup.zsh'
[2.671s] INFO:colcon.colcon_core.shell:Creating prefix chain script '/workspace/install/setup.zsh'
