/workspace/install/ur5_gazebo/lib/python3.10/site-packages/ur5_gazebo/demo_recorder.py
/workspace/install/ur5_gazebo/lib/python3.10/site-packages/ur5_gazebo/__init__.py
/workspace/install/ur5_gazebo/lib/python3.10/site-packages/ur5_gazebo/camera_detector.py
/workspace/install/ur5_gazebo/lib/python3.10/site-packages/ur5_gazebo/bc_policy_controller.py
/workspace/install/ur5_gazebo/lib/python3.10/site-packages/ur5_gazebo/comparison_evaluator.py
/workspace/install/ur5_gazebo/lib/python3.10/site-packages/ur5_gazebo/pick_place_controller.py
/workspace/install/ur5_gazebo/lib/python3.10/site-packages/ur5_gazebo/__pycache__/demo_recorder.cpython-310.pyc
/workspace/install/ur5_gazebo/lib/python3.10/site-packages/ur5_gazebo/__pycache__/__init__.cpython-310.pyc
/workspace/install/ur5_gazebo/lib/python3.10/site-packages/ur5_gazebo/__pycache__/camera_detector.cpython-310.pyc
/workspace/install/ur5_gazebo/lib/python3.10/site-packages/ur5_gazebo/__pycache__/bc_policy_controller.cpython-310.pyc
/workspace/install/ur5_gazebo/lib/python3.10/site-packages/ur5_gazebo/__pycache__/comparison_evaluator.cpython-310.pyc
/workspace/install/ur5_gazebo/lib/python3.10/site-packages/ur5_gazebo/__pycache__/pick_place_controller.cpython-310.pyc
/workspace/install/ur5_gazebo/share/ament_index/resource_index/packages/ur5_gazebo
/workspace/install/ur5_gazebo/share/ur5_gazebo/package.xml
/workspace/install/ur5_gazebo/share/ur5_gazebo/launch/ur5.launch.py
/workspace/install/ur5_gazebo/share/ur5_gazebo/worlds/pick_place_world.world
/workspace/install/ur5_gazebo/share/ur5_gazebo/urdf/ur5.urdf.xacro
/workspace/install/ur5_gazebo/share/ur5_gazebo/config
/workspace/install/ur5_gazebo/lib/python3.10/site-packages/ur5_gazebo-0.0.0-py3.10.egg-info/PKG-INFO
/workspace/install/ur5_gazebo/lib/python3.10/site-packages/ur5_gazebo-0.0.0-py3.10.egg-info/zip-safe
/workspace/install/ur5_gazebo/lib/python3.10/site-packages/ur5_gazebo-0.0.0-py3.10.egg-info/SOURCES.txt
/workspace/install/ur5_gazebo/lib/python3.10/site-packages/ur5_gazebo-0.0.0-py3.10.egg-info/entry_points.txt
/workspace/install/ur5_gazebo/lib/python3.10/site-packages/ur5_gazebo-0.0.0-py3.10.egg-info/requires.txt
/workspace/install/ur5_gazebo/lib/python3.10/site-packages/ur5_gazebo-0.0.0-py3.10.egg-info/top_level.txt
/workspace/install/ur5_gazebo/lib/python3.10/site-packages/ur5_gazebo-0.0.0-py3.10.egg-info/dependency_links.txt
/workspace/install/ur5_gazebo/bin/bc_policy_controller
/workspace/install/ur5_gazebo/bin/camera_detector
/workspace/install/ur5_gazebo/bin/comparison_evaluator
/workspace/install/ur5_gazebo/bin/demo_recorder
/workspace/install/ur5_gazebo/bin/pick_place_controller
