running egg_info
writing ../../build/ur5_moveit_config/ur5_moveit_config.egg-info/PKG-INFO
writing dependency_links to ../../build/ur5_moveit_config/ur5_moveit_config.egg-info/dependency_links.txt
writing entry points to ../../build/ur5_moveit_config/ur5_moveit_config.egg-info/entry_points.txt
writing requirements to ../../build/ur5_moveit_config/ur5_moveit_config.egg-info/requires.txt
writing top-level names to ../../build/ur5_moveit_config/ur5_moveit_config.egg-info/top_level.txt
reading manifest file '../../build/ur5_moveit_config/ur5_moveit_config.egg-info/SOURCES.txt'
writing manifest file '../../build/ur5_moveit_config/ur5_moveit_config.egg-info/SOURCES.txt'
running build
running build_py
copying ur5_moveit_config/__init__.py -> /workspace/build/ur5_moveit_config/build/lib/ur5_moveit_config
running install
running install_lib
copying /workspace/build/ur5_moveit_config/build/lib/ur5_moveit_config/__init__.py -> /workspace/install/ur5_moveit_config/lib/python3.10/site-packages/ur5_moveit_config
byte-compiling /workspace/install/ur5_moveit_config/lib/python3.10/site-packages/ur5_moveit_config/__init__.py to __init__.cpython-310.pyc
running install_data
copying resource/ur5_moveit_config -> /workspace/install/ur5_moveit_config/share/ament_index/resource_index/packages
copying package.xml -> /workspace/install/ur5_moveit_config/share/ur5_moveit_config
running install_egg_info
removing '/workspace/install/ur5_moveit_config/lib/python3.10/site-packages/ur5_moveit_config-0.0.0-py3.10.egg-info' (and everything under it)
Copying ../../build/ur5_moveit_config/ur5_moveit_config.egg-info to /workspace/install/ur5_moveit_config/lib/python3.10/site-packages/ur5_moveit_config-0.0.0-py3.10.egg-info
running install_scripts
writing list of installed files to '/workspace/build/ur5_moveit_config/install.log'
