[1.525s] Invoking command in '/workspace/src/ur5_moveit_config': PYTHONPATH=/workspace/build/ur5_moveit_config/prefix_override:/usr/lib/python3/dist-packages/colcon_core/task/python/colcon_distutils_commands:/workspace/install/ur5_moveit_config/lib/python3.10/site-packages:${PYTHONPATH} /usr/bin/python3 -W ignore:setup.py install is deprecated -W ignore:easy_install command is deprecated setup.py egg_info --egg-base ../../build/ur5_moveit_config build --build-base /workspace/build/ur5_moveit_config/build install --record /workspace/build/ur5_moveit_config/install.log --single-version-externally-managed install_data
[1.902s] running egg_info
[1.903s] writing ../../build/ur5_moveit_config/ur5_moveit_config.egg-info/PKG-INFO
[1.904s] writing dependency_links to ../../build/ur5_moveit_config/ur5_moveit_config.egg-info/dependency_links.txt
[1.908s] writing entry points to ../../build/ur5_moveit_config/ur5_moveit_config.egg-info/entry_points.txt
[1.908s] writing requirements to ../../build/ur5_moveit_config/ur5_moveit_config.egg-info/requires.txt
[1.909s] writing top-level names to ../../build/ur5_moveit_config/ur5_moveit_config.egg-info/top_level.txt
[1.916s] reading manifest file '../../build/ur5_moveit_config/ur5_moveit_config.egg-info/SOURCES.txt'
[1.919s] writing manifest file '../../build/ur5_moveit_config/ur5_moveit_config.egg-info/SOURCES.txt'
[1.919s] running build
[1.920s] running build_py
[1.921s] copying ur5_moveit_config/__init__.py -> /workspace/build/ur5_moveit_config/build/lib/ur5_moveit_config
[1.922s] running install
[1.922s] running install_lib
[1.924s] copying /workspace/build/ur5_moveit_config/build/lib/ur5_moveit_config/__init__.py -> /workspace/install/ur5_moveit_config/lib/python3.10/site-packages/ur5_moveit_config
[1.935s] byte-compiling /workspace/install/ur5_moveit_config/lib/python3.10/site-packages/ur5_moveit_config/__init__.py to __init__.cpython-310.pyc
[1.940s] running install_data
[1.941s] copying resource/ur5_moveit_config -> /workspace/install/ur5_moveit_config/share/ament_index/resource_index/packages
[1.942s] copying package.xml -> /workspace/install/ur5_moveit_config/share/ur5_moveit_config
[1.946s] running install_egg_info
[1.948s] removing '/workspace/install/ur5_moveit_config/lib/python3.10/site-packages/ur5_moveit_config-0.0.0-py3.10.egg-info' (and everything under it)
[1.951s] Copying ../../build/ur5_moveit_config/ur5_moveit_config.egg-info to /workspace/install/ur5_moveit_config/lib/python3.10/site-packages/ur5_moveit_config-0.0.0-py3.10.egg-info
[1.974s] running install_scripts
[2.026s] writing list of installed files to '/workspace/build/ur5_moveit_config/install.log'
[2.098s] Invoked command in '/workspace/src/ur5_moveit_config' returned '0': PYTHONPATH=/workspace/build/ur5_moveit_config/prefix_override:/usr/lib/python3/dist-packages/colcon_core/task/python/colcon_distutils_commands:/workspace/install/ur5_moveit_config/lib/python3.10/site-packages:${PYTHONPATH} /usr/bin/python3 -W ignore:setup.py install is deprecated -W ignore:easy_install command is deprecated setup.py egg_info --egg-base ../../build/ur5_moveit_config build --build-base /workspace/build/ur5_moveit_config/build install --record /workspace/build/ur5_moveit_config/install.log --single-version-externally-managed install_data
