[1.469s] Invoking command in '/workspace/src/ur5_gazebo': PYTHONPATH=/workspace/build/ur5_gazebo/prefix_override:/usr/lib/python3/dist-packages/colcon_core/task/python/colcon_distutils_commands:/workspace/install/ur5_gazebo/lib/python3.10/site-packages:${PYTHONPATH} /usr/bin/python3 -W ignore:setup.py install is deprecated -W ignore:easy_install command is deprecated setup.py egg_info --egg-base ../../build/ur5_gazebo build --build-base /workspace/build/ur5_gazebo/build install --record /workspace/build/ur5_gazebo/install.log --single-version-externally-managed install_data
[1.853s] running egg_info
[1.854s] writing ../../build/ur5_gazebo/ur5_gazebo.egg-info/PKG-INFO
[1.858s] writing dependency_links to ../../build/ur5_gazebo/ur5_gazebo.egg-info/dependency_links.txt
[1.860s] writing entry points to ../../build/ur5_gazebo/ur5_gazebo.egg-info/entry_points.txt
[1.861s] writing requirements to ../../build/ur5_gazebo/ur5_gazebo.egg-info/requires.txt
[1.863s] writing top-level names to ../../build/ur5_gazebo/ur5_gazebo.egg-info/top_level.txt
[1.868s] reading manifest file '../../build/ur5_gazebo/ur5_gazebo.egg-info/SOURCES.txt'
[1.872s] writing manifest file '../../build/ur5_gazebo/ur5_gazebo.egg-info/SOURCES.txt'
[1.873s] running build
[1.876s] running build_py
[1.877s] running install
[1.878s] running install_lib
[1.880s] running install_data
[1.882s] running install_egg_info
[1.887s] removing '/workspace/install/ur5_gazebo/lib/python3.10/site-packages/ur5_gazebo-0.0.0-py3.10.egg-info' (and everything under it)
[1.894s] Copying ../../build/ur5_gazebo/ur5_gazebo.egg-info to /workspace/install/ur5_gazebo/lib/python3.10/site-packages/ur5_gazebo-0.0.0-py3.10.egg-info
[1.914s] running install_scripts
[1.954s] Installing bc_policy_controller script to /workspace/install/ur5_gazebo/bin
[1.957s] Installing camera_detector script to /workspace/install/ur5_gazebo/bin
[1.958s] Installing comparison_evaluator script to /workspace/install/ur5_gazebo/bin
[1.960s] Installing demo_recorder script to /workspace/install/ur5_gazebo/bin
[1.961s] Installing pick_place_controller script to /workspace/install/ur5_gazebo/bin
[1.965s] writing list of installed files to '/workspace/build/ur5_gazebo/install.log'
[2.000s] Invoked command in '/workspace/src/ur5_gazebo' returned '0': PYTHONPATH=/workspace/build/ur5_gazebo/prefix_override:/usr/lib/python3/dist-packages/colcon_core/task/python/colcon_distutils_commands:/workspace/install/ur5_gazebo/lib/python3.10/site-packages:${PYTHONPATH} /usr/bin/python3 -W ignore:setup.py install is deprecated -W ignore:easy_install command is deprecated setup.py egg_info --egg-base ../../build/ur5_gazebo build --build-base /workspace/build/ur5_gazebo/build install --record /workspace/build/ur5_gazebo/install.log --single-version-externally-managed install_data
