[0.166s] DEBUG:colcon:Command line arguments: ['/usr/bin/colcon', 'build', '--packages-select', 'ur5_gazebo', 'ur5_moveit_config']
[0.167s] DEBUG:colcon:Parsed command line arguments: Namespace(log_base=None, log_level=None, verb_name='build', build_base='build', install_base='install', merge_install=False, symlink_install=False, test_result_base=None, continue_on_error=False, executor='parallel', parallel_workers=8, event_handlers=None, ignore_user_meta=False, metas=['./colcon.meta'], base_paths=['.'], packages_ignore=None, packages_ignore_regex=None, paths=None, packages_up_to=None, packages_up_to_regex=None, packages_above=None, packages_above_and_dependencies=None, packages_above_depth=None, packages_select_by_dep=None, packages_skip_by_dep=None, packages_skip_up_to=None, packages_select_build_failed=False, packages_skip_build_finished=False, packages_select_test_failures=False, packages_skip_test_passed=False, packages_select=['ur5_gazebo', 'ur5_moveit_config'], packages_skip=None, packages_select_regex=None, packages_skip_regex=None, packages_start=None, packages_end=None, cmake_args=None, cmake_target=None, cmake_target_skip_unavailable=False, cmake_clean_cache=False, cmake_clean_first=False, cmake_force_configure=False, ament_cmake_args=None, catkin_cmake_args=None, catkin_skip_building_tests=False, mixin_files=None, mixin=None, verb_parser=<colcon_mixin.mixin.mixin_argument.MixinArgumentDecorator object at 0x7ffffe1f78b0>, verb_extension=<colcon_core.verb.build.BuildVerb object at 0x7ffffe1f72e0>, main=<bound method BuildVerb.main of <colcon_core.verb.build.BuildVerb object at 0x7ffffe1f72e0>>, mixin_verb=('build',))
[0.355s] Level 1:colcon.colcon_core.package_discovery:discover_packages(colcon_meta) check parameters
[0.356s] INFO:colcon.colcon_metadata.package_discovery.colcon_meta:Using configuration from '/root/.colcon/metadata/default/Gazebo.meta'
[0.357s] INFO:colcon.colcon_metadata.package_discovery.colcon_meta:Using configuration from '/root/.colcon/metadata/default/fastdds.meta'
[0.358s] INFO:colcon.colcon_metadata.package_discovery.colcon_meta:Using configuration from '/root/.colcon/metadata/default/fastrtps.meta'
[0.358s] Level 1:colcon.colcon_core.package_discovery:discover_packages(recursive) check parameters
[0.358s] Level 1:colcon.colcon_core.package_discovery:discover_packages(ignore) check parameters
[0.358s] Level 1:colcon.colcon_core.package_discovery:discover_packages(path) check parameters
[0.358s] Level 1:colcon.colcon_core.package_discovery:discover_packages(colcon_meta) discover
[0.359s] Level 1:colcon.colcon_core.package_discovery:discover_packages(recursive) discover
[0.359s] INFO:colcon.colcon_core.package_discovery:Crawling recursively for packages in '/workspace'
[0.360s] Level 1:colcon.colcon_core.package_identification:_identify(.) by extensions ['ignore', 'ignore_ament_install']
[0.360s] Level 1:colcon.colcon_core.package_identification:_identify(.) by extension 'ignore'
[0.361s] Level 1:colcon.colcon_core.package_identification:_identify(.) by extension 'ignore_ament_install'
[0.361s] Level 1:colcon.colcon_core.package_identification:_identify(.) by extensions ['colcon_pkg']
[0.361s] Level 1:colcon.colcon_core.package_identification:_identify(.) by extension 'colcon_pkg'
[0.361s] Level 1:colcon.colcon_core.package_identification:_identify(.) by extensions ['colcon_meta']
[0.361s] Level 1:colcon.colcon_core.package_identification:_identify(.) by extension 'colcon_meta'
[0.362s] Level 1:colcon.colcon_core.package_identification:_identify(.) by extensions ['ros']
[0.362s] Level 1:colcon.colcon_core.package_identification:_identify(.) by extension 'ros'
[0.384s] Level 1:colcon.colcon_core.package_identification:_identify(.) by extensions ['cmake', 'python']
[0.384s] Level 1:colcon.colcon_core.package_identification:_identify(.) by extension 'cmake'
[0.384s] Level 1:colcon.colcon_core.package_identification:_identify(.) by extension 'python'
[0.384s] Level 1:colcon.colcon_core.package_identification:_identify(.) by extensions ['python_setup_py']
[0.385s] Level 1:colcon.colcon_core.package_identification:_identify(.) by extension 'python_setup_py'
[0.385s] Level 1:colcon.colcon_core.package_identification:_identify(build) by extensions ['ignore', 'ignore_ament_install']
[0.386s] Level 1:colcon.colcon_core.package_identification:_identify(build) by extension 'ignore'
[0.386s] Level 1:colcon.colcon_core.package_identification:_identify(build) ignored
[0.386s] Level 1:colcon.colcon_core.package_identification:_identify(install) by extensions ['ignore', 'ignore_ament_install']
[0.387s] Level 1:colcon.colcon_core.package_identification:_identify(install) by extension 'ignore'
[0.387s] Level 1:colcon.colcon_core.package_identification:_identify(install) ignored
[0.389s] Level 1:colcon.colcon_core.package_identification:_identify(log) by extensions ['ignore', 'ignore_ament_install']
[0.389s] Level 1:colcon.colcon_core.package_identification:_identify(log) by extension 'ignore'
[0.389s] Level 1:colcon.colcon_core.package_identification:_identify(log) ignored
[0.390s] Level 1:colcon.colcon_core.package_identification:_identify(src) by extensions ['ignore', 'ignore_ament_install']
[0.390s] Level 1:colcon.colcon_core.package_identification:_identify(src) by extension 'ignore'
[0.392s] Level 1:colcon.colcon_core.package_identification:_identify(src) by extension 'ignore_ament_install'
[0.392s] Level 1:colcon.colcon_core.package_identification:_identify(src) by extensions ['colcon_pkg']
[0.392s] Level 1:colcon.colcon_core.package_identification:_identify(src) by extension 'colcon_pkg'
[0.392s] Level 1:colcon.colcon_core.package_identification:_identify(src) by extensions ['colcon_meta']
[0.392s] Level 1:colcon.colcon_core.package_identification:_identify(src) by extension 'colcon_meta'
[0.392s] Level 1:colcon.colcon_core.package_identification:_identify(src) by extensions ['ros']
[0.393s] Level 1:colcon.colcon_core.package_identification:_identify(src) by extension 'ros'
[0.393s] Level 1:colcon.colcon_core.package_identification:_identify(src) by extensions ['cmake', 'python']
[0.393s] Level 1:colcon.colcon_core.package_identification:_identify(src) by extension 'cmake'
[0.393s] Level 1:colcon.colcon_core.package_identification:_identify(src) by extension 'python'
[0.393s] Level 1:colcon.colcon_core.package_identification:_identify(src) by extensions ['python_setup_py']
[0.393s] Level 1:colcon.colcon_core.package_identification:_identify(src) by extension 'python_setup_py'
[0.395s] Level 1:colcon.colcon_core.package_identification:_identify(src/bc_training) by extensions ['ignore', 'ignore_ament_install']
[0.396s] Level 1:colcon.colcon_core.package_identification:_identify(src/bc_training) by extension 'ignore'
[0.396s] Level 1:colcon.colcon_core.package_identification:_identify(src/bc_training) by extension 'ignore_ament_install'
[0.396s] Level 1:colcon.colcon_core.package_identification:_identify(src/bc_training) by extensions ['colcon_pkg']
[0.396s] Level 1:colcon.colcon_core.package_identification:_identify(src/bc_training) by extension 'colcon_pkg'
[0.397s] Level 1:colcon.colcon_core.package_identification:_identify(src/bc_training) by extensions ['colcon_meta']
[0.397s] Level 1:colcon.colcon_core.package_identification:_identify(src/bc_training) by extension 'colcon_meta'
[0.398s] Level 1:colcon.colcon_core.package_identification:_identify(src/bc_training) by extensions ['ros']
[0.399s] Level 1:colcon.colcon_core.package_identification:_identify(src/bc_training) by extension 'ros'
[0.409s] DEBUG:colcon.colcon_core.package_identification:Package 'src/bc_training' with type 'ros.ament_python' and name 'bc_training'
[0.409s] Level 1:colcon.colcon_core.package_identification:_identify(src/ur5_gazebo) by extensions ['ignore', 'ignore_ament_install']
[0.410s] Level 1:colcon.colcon_core.package_identification:_identify(src/ur5_gazebo) by extension 'ignore'
[0.410s] Level 1:colcon.colcon_core.package_identification:_identify(src/ur5_gazebo) by extension 'ignore_ament_install'
[0.410s] Level 1:colcon.colcon_core.package_identification:_identify(src/ur5_gazebo) by extensions ['colcon_pkg']
[0.410s] Level 1:colcon.colcon_core.package_identification:_identify(src/ur5_gazebo) by extension 'colcon_pkg'
[0.411s] Level 1:colcon.colcon_core.package_identification:_identify(src/ur5_gazebo) by extensions ['colcon_meta']
[0.411s] Level 1:colcon.colcon_core.package_identification:_identify(src/ur5_gazebo) by extension 'colcon_meta'
[0.411s] Level 1:colcon.colcon_core.package_identification:_identify(src/ur5_gazebo) by extensions ['ros']
[0.411s] Level 1:colcon.colcon_core.package_identification:_identify(src/ur5_gazebo) by extension 'ros'
[0.413s] DEBUG:colcon.colcon_core.package_identification:Package 'src/ur5_gazebo' with type 'ros.ament_python' and name 'ur5_gazebo'
[0.414s] Level 1:colcon.colcon_core.package_identification:_identify(src/ur5_moveit_config) by extensions ['ignore', 'ignore_ament_install']
[0.414s] Level 1:colcon.colcon_core.package_identification:_identify(src/ur5_moveit_config) by extension 'ignore'
[0.414s] Level 1:colcon.colcon_core.package_identification:_identify(src/ur5_moveit_config) by extension 'ignore_ament_install'
[0.414s] Level 1:colcon.colcon_core.package_identification:_identify(src/ur5_moveit_config) by extensions ['colcon_pkg']
[0.414s] Level 1:colcon.colcon_core.package_identification:_identify(src/ur5_moveit_config) by extension 'colcon_pkg'
[0.415s] Level 1:colcon.colcon_core.package_identification:_identify(src/ur5_moveit_config) by extensions ['colcon_meta']
[0.415s] Level 1:colcon.colcon_core.package_identification:_identify(src/ur5_moveit_config) by extension 'colcon_meta'
[0.415s] Level 1:colcon.colcon_core.package_identification:_identify(src/ur5_moveit_config) by extensions ['ros']
[0.415s] Level 1:colcon.colcon_core.package_identification:_identify(src/ur5_moveit_config) by extension 'ros'
[0.418s] DEBUG:colcon.colcon_core.package_identification:Package 'src/ur5_moveit_config' with type 'ros.ament_python' and name 'ur5_moveit_config'
[0.418s] Level 1:colcon.colcon_core.package_discovery:discover_packages(recursive) using defaults
[0.418s] Level 1:colcon.colcon_core.package_discovery:discover_packages(ignore) discover
[0.418s] Level 1:colcon.colcon_core.package_discovery:discover_packages(ignore) using defaults
[0.418s] Level 1:colcon.colcon_core.package_discovery:discover_packages(path) discover
[0.418s] Level 1:colcon.colcon_core.package_discovery:discover_packages(path) using defaults
[0.448s] INFO:colcon.colcon_core.package_selection:Skipping not selected package 'bc_training' in 'src/bc_training'
[0.448s] Level 5:colcon.colcon_core.verb:set package 'ur5_gazebo' build argument 'cmake_args' from command line to 'None'
[0.448s] Level 5:colcon.colcon_core.verb:set package 'ur5_gazebo' build argument 'cmake_target' from command line to 'None'
[0.448s] Level 5:colcon.colcon_core.verb:set package 'ur5_gazebo' build argument 'cmake_target_skip_unavailable' from command line to 'False'
[0.449s] Level 5:colcon.colcon_core.verb:set package 'ur5_gazebo' build argument 'cmake_clean_cache' from command line to 'False'
[0.449s] Level 5:colcon.colcon_core.verb:set package 'ur5_gazebo' build argument 'cmake_clean_first' from command line to 'False'
[0.449s] Level 5:colcon.colcon_core.verb:set package 'ur5_gazebo' build argument 'cmake_force_configure' from command line to 'False'
[0.449s] Level 5:colcon.colcon_core.verb:set package 'ur5_gazebo' build argument 'ament_cmake_args' from command line to 'None'
[0.449s] Level 5:colcon.colcon_core.verb:set package 'ur5_gazebo' build argument 'catkin_cmake_args' from command line to 'None'
[0.449s] Level 5:colcon.colcon_core.verb:set package 'ur5_gazebo' build argument 'catkin_skip_building_tests' from command line to 'False'
[0.449s] DEBUG:colcon.colcon_core.verb:Building package 'ur5_gazebo' with the following arguments: {'ament_cmake_args': None, 'build_base': '/workspace/build/ur5_gazebo', 'catkin_cmake_args': None, 'catkin_skip_building_tests': False, 'cmake_args': None, 'cmake_clean_cache': False, 'cmake_clean_first': False, 'cmake_force_configure': False, 'cmake_target': None, 'cmake_target_skip_unavailable': False, 'install_base': '/workspace/install/ur5_gazebo', 'merge_install': False, 'path': '/workspace/src/ur5_gazebo', 'symlink_install': False, 'test_result_base': None}
[0.450s] Level 5:colcon.colcon_core.verb:set package 'ur5_moveit_config' build argument 'cmake_args' from command line to 'None'
[0.450s] Level 5:colcon.colcon_core.verb:set package 'ur5_moveit_config' build argument 'cmake_target' from command line to 'None'
[0.450s] Level 5:colcon.colcon_core.verb:set package 'ur5_moveit_config' build argument 'cmake_target_skip_unavailable' from command line to 'False'
[0.450s] Level 5:colcon.colcon_core.verb:set package 'ur5_moveit_config' build argument 'cmake_clean_cache' from command line to 'False'
[0.450s] Level 5:colcon.colcon_core.verb:set package 'ur5_moveit_config' build argument 'cmake_clean_first' from command line to 'False'
[0.450s] Level 5:colcon.colcon_core.verb:set package 'ur5_moveit_config' build argument 'cmake_force_configure' from command line to 'False'
[0.450s] Level 5:colcon.colcon_core.verb:set package 'ur5_moveit_config' build argument 'ament_cmake_args' from command line to 'None'
[0.450s] Level 5:colcon.colcon_core.verb:set package 'ur5_moveit_config' build argument 'catkin_cmake_args' from command line to 'None'
[0.450s] Level 5:colcon.colcon_core.verb:set package 'ur5_moveit_config' build argument 'catkin_skip_building_tests' from command line to 'False'
[0.451s] DEBUG:colcon.colcon_core.verb:Building package 'ur5_moveit_config' with the following arguments: {'ament_cmake_args': None, 'build_base': '/workspace/build/ur5_moveit_config', 'catkin_cmake_args': None, 'catkin_skip_building_tests': False, 'cmake_args': None, 'cmake_clean_cache': False, 'cmake_clean_first': False, 'cmake_force_configure': False, 'cmake_target': None, 'cmake_target_skip_unavailable': False, 'install_base': '/workspace/install/ur5_moveit_config', 'merge_install': False, 'path': '/workspace/src/ur5_moveit_config', 'symlink_install': False, 'test_result_base': None}
[0.451s] INFO:colcon.colcon_core.executor:Executing jobs using 'parallel' executor
[0.455s] DEBUG:colcon.colcon_parallel_executor.executor.parallel:run_until_complete
[0.457s] INFO:colcon.colcon_ros.task.ament_python.build:Building ROS package in '/workspace/src/ur5_gazebo' with build type 'ament_python'
[0.457s] Level 1:colcon.colcon_core.shell:create_environment_hook('ur5_gazebo', 'ament_prefix_path')
[0.460s] INFO:colcon.colcon_core.plugin_system:Skipping extension 'colcon_core.shell.bat': Not used on non-Windows systems
[0.460s] INFO:colcon.colcon_core.shell:Creating environment hook '/workspace/install/ur5_gazebo/share/ur5_gazebo/hook/ament_prefix_path.ps1'
[0.463s] INFO:colcon.colcon_core.shell:Creating environment descriptor '/workspace/install/ur5_gazebo/share/ur5_gazebo/hook/ament_prefix_path.dsv'
[0.464s] INFO:colcon.colcon_core.shell:Creating environment hook '/workspace/install/ur5_gazebo/share/ur5_gazebo/hook/ament_prefix_path.sh'
[0.467s] INFO:colcon.colcon_core.shell:Skip shell extension 'powershell' for command environment: Not usable outside of PowerShell
[0.467s] DEBUG:colcon.colcon_core.shell:Skip shell extension 'dsv' for command environment
[0.477s] INFO:colcon.colcon_ros.task.ament_python.build:Building ROS package in '/workspace/src/ur5_moveit_config' with build type 'ament_python'
[0.478s] Level 1:colcon.colcon_core.shell:create_environment_hook('ur5_moveit_config', 'ament_prefix_path')
[0.479s] INFO:colcon.colcon_core.shell:Creating environment hook '/workspace/install/ur5_moveit_config/share/ur5_moveit_config/hook/ament_prefix_path.ps1'
[0.481s] INFO:colcon.colcon_core.shell:Creating environment descriptor '/workspace/install/ur5_moveit_config/share/ur5_moveit_config/hook/ament_prefix_path.dsv'
[0.485s] INFO:colcon.colcon_core.shell:Creating environment hook '/workspace/install/ur5_moveit_config/share/ur5_moveit_config/hook/ament_prefix_path.sh'
[0.487s] INFO:colcon.colcon_core.shell:Skip shell extension 'powershell' for command environment: Not usable outside of PowerShell
[0.487s] DEBUG:colcon.colcon_core.shell:Skip shell extension 'dsv' for command environment
[0.930s] INFO:colcon.colcon_core.task.python.build:Building Python package in '/workspace/src/ur5_gazebo'
[0.931s] INFO:colcon.colcon_core.shell:Skip shell extension 'powershell' for command environment: Not usable outside of PowerShell
[0.932s] DEBUG:colcon.colcon_core.shell:Skip shell extension 'dsv' for command environment
[1.355s] INFO:colcon.colcon_core.task.python.build:Building Python package in '/workspace/src/ur5_moveit_config'
[1.357s] INFO:colcon.colcon_core.shell:Skip shell extension 'powershell' for command environment: Not usable outside of PowerShell
[1.357s] DEBUG:colcon.colcon_core.shell:Skip shell extension 'dsv' for command environment
[1.969s] DEBUG:colcon.colcon_core.event_handler.log_command:Invoking command in '/workspace/src/ur5_gazebo': PYTHONPATH=/workspace/build/ur5_gazebo/prefix_override:/usr/lib/python3/dist-packages/colcon_core/task/python/colcon_distutils_commands:/workspace/install/ur5_gazebo/lib/python3.10/site-packages:${PYTHONPATH} /usr/bin/python3 -W ignore:setup.py install is deprecated -W ignore:easy_install command is deprecated setup.py egg_info --egg-base ../../build/ur5_gazebo build --build-base /workspace/build/ur5_gazebo/build install --record /workspace/build/ur5_gazebo/install.log --single-version-externally-managed install_data
[2.012s] DEBUG:colcon.colcon_core.event_handler.log_command:Invoking command in '/workspace/src/ur5_moveit_config': PYTHONPATH=/workspace/build/ur5_moveit_config/prefix_override:/usr/lib/python3/dist-packages/colcon_core/task/python/colcon_distutils_commands:/workspace/install/ur5_moveit_config/lib/python3.10/site-packages:${PYTHONPATH} /usr/bin/python3 -W ignore:setup.py install is deprecated -W ignore:easy_install command is deprecated setup.py egg_info --egg-base ../../build/ur5_moveit_config build --build-base /workspace/build/ur5_moveit_config/build install --record /workspace/build/ur5_moveit_config/install.log --single-version-externally-managed install_data
[2.505s] DEBUG:colcon.colcon_core.event_handler.log_command:Invoked command in '/workspace/src/ur5_gazebo' returned '0': PYTHONPATH=/workspace/build/ur5_gazebo/prefix_override:/usr/lib/python3/dist-packages/colcon_core/task/python/colcon_distutils_commands:/workspace/install/ur5_gazebo/lib/python3.10/site-packages:${PYTHONPATH} /usr/bin/python3 -W ignore:setup.py install is deprecated -W ignore:easy_install command is deprecated setup.py egg_info --egg-base ../../build/ur5_gazebo build --build-base /workspace/build/ur5_gazebo/build install --record /workspace/build/ur5_gazebo/install.log --single-version-externally-managed install_data
[2.508s] Level 1:colcon.colcon_core.environment:checking '/workspace/install/ur5_gazebo' for CMake module files
[2.514s] Level 1:colcon.colcon_core.environment:checking '/workspace/install/ur5_gazebo' for CMake config files
[2.526s] Level 1:colcon.colcon_core.environment:checking '/workspace/install/ur5_gazebo/lib'
[2.527s] Level 1:colcon.colcon_core.environment:checking '/workspace/install/ur5_gazebo/bin'
[2.528s] Level 1:colcon.colcon_core.shell:create_environment_hook('ur5_gazebo', 'path')
[2.528s] INFO:colcon.colcon_core.shell:Creating environment hook '/workspace/install/ur5_gazebo/share/ur5_gazebo/hook/path.ps1'
[2.529s] INFO:colcon.colcon_core.shell:Creating environment descriptor '/workspace/install/ur5_gazebo/share/ur5_gazebo/hook/path.dsv'
[2.530s] INFO:colcon.colcon_core.shell:Creating environment hook '/workspace/install/ur5_gazebo/share/ur5_gazebo/hook/path.sh'
[2.531s] Level 1:colcon.colcon_core.environment:checking '/workspace/install/ur5_gazebo/lib/pkgconfig/ur5_gazebo.pc'
[2.531s] Level 1:colcon.colcon_core.environment:checking '/workspace/install/ur5_gazebo/lib/python3.10/site-packages'
[2.532s] Level 1:colcon.colcon_core.shell:create_environment_hook('ur5_gazebo', 'pythonpath')
[2.532s] INFO:colcon.colcon_core.shell:Creating environment hook '/workspace/install/ur5_gazebo/share/ur5_gazebo/hook/pythonpath.ps1'
[2.533s] INFO:colcon.colcon_core.shell:Creating environment descriptor '/workspace/install/ur5_gazebo/share/ur5_gazebo/hook/pythonpath.dsv'
[2.534s] INFO:colcon.colcon_core.shell:Creating environment hook '/workspace/install/ur5_gazebo/share/ur5_gazebo/hook/pythonpath.sh'
[2.535s] Level 1:colcon.colcon_core.environment:checking '/workspace/install/ur5_gazebo/bin'
[2.535s] Level 1:colcon.colcon_core.shell:create_environment_hook('ur5_gazebo', 'pythonscriptspath')
[2.535s] INFO:colcon.colcon_core.shell:Creating environment hook '/workspace/install/ur5_gazebo/share/ur5_gazebo/hook/pythonscriptspath.ps1'
[2.536s] INFO:colcon.colcon_core.shell:Creating environment descriptor '/workspace/install/ur5_gazebo/share/ur5_gazebo/hook/pythonscriptspath.dsv'
[2.537s] INFO:colcon.colcon_core.shell:Creating environment hook '/workspace/install/ur5_gazebo/share/ur5_gazebo/hook/pythonscriptspath.sh'
[2.538s] Level 1:colcon.colcon_core.environment:create_environment_scripts_only(ur5_gazebo)
[2.538s] INFO:colcon.colcon_core.shell:Creating package script '/workspace/install/ur5_gazebo/share/ur5_gazebo/package.ps1'
[2.542s] INFO:colcon.colcon_core.shell:Creating package descriptor '/workspace/install/ur5_gazebo/share/ur5_gazebo/package.dsv'
[2.543s] INFO:colcon.colcon_core.shell:Creating package script '/workspace/install/ur5_gazebo/share/ur5_gazebo/package.sh'
[2.544s] INFO:colcon.colcon_core.shell:Creating package script '/workspace/install/ur5_gazebo/share/ur5_gazebo/package.bash'
[2.545s] INFO:colcon.colcon_core.shell:Creating package script '/workspace/install/ur5_gazebo/share/ur5_gazebo/package.zsh'
[2.546s] Level 1:colcon.colcon_core.environment:create_file_with_runtime_dependencies(/workspace/install/ur5_gazebo/share/colcon-core/packages/ur5_gazebo)
[2.547s] Level 1:colcon.colcon_core.environment:checking '/workspace/install/ur5_moveit_config' for CMake module files
[2.551s] DEBUG:colcon.colcon_core.event_handler.log_command:Invoked command in '/workspace/src/ur5_moveit_config' returned '0': PYTHONPATH=/workspace/build/ur5_moveit_config/prefix_override:/usr/lib/python3/dist-packages/colcon_core/task/python/colcon_distutils_commands:/workspace/install/ur5_moveit_config/lib/python3.10/site-packages:${PYTHONPATH} /usr/bin/python3 -W ignore:setup.py install is deprecated -W ignore:easy_install command is deprecated setup.py egg_info --egg-base ../../build/ur5_moveit_config build --build-base /workspace/build/ur5_moveit_config/build install --record /workspace/build/ur5_moveit_config/install.log --single-version-externally-managed install_data
[2.551s] Level 1:colcon.colcon_core.environment:checking '/workspace/install/ur5_moveit_config' for CMake config files
[2.556s] Level 1:colcon.colcon_core.environment:checking '/workspace/install/ur5_moveit_config/lib'
[2.557s] Level 1:colcon.colcon_core.environment:checking '/workspace/install/ur5_moveit_config/bin'
[2.557s] Level 1:colcon.colcon_core.environment:checking '/workspace/install/ur5_moveit_config/lib/pkgconfig/ur5_moveit_config.pc'
[2.557s] Level 1:colcon.colcon_core.environment:checking '/workspace/install/ur5_moveit_config/lib/python3.10/site-packages'
[2.557s] Level 1:colcon.colcon_core.shell:create_environment_hook('ur5_moveit_config', 'pythonpath')
[2.558s] INFO:colcon.colcon_core.shell:Creating environment hook '/workspace/install/ur5_moveit_config/share/ur5_moveit_config/hook/pythonpath.ps1'
[2.559s] INFO:colcon.colcon_core.shell:Creating environment descriptor '/workspace/install/ur5_moveit_config/share/ur5_moveit_config/hook/pythonpath.dsv'
[2.560s] INFO:colcon.colcon_core.shell:Creating environment hook '/workspace/install/ur5_moveit_config/share/ur5_moveit_config/hook/pythonpath.sh'
[2.561s] Level 1:colcon.colcon_core.environment:checking '/workspace/install/ur5_moveit_config/bin'
[2.561s] Level 1:colcon.colcon_core.environment:create_environment_scripts_only(ur5_moveit_config)
[2.561s] INFO:colcon.colcon_core.shell:Creating package script '/workspace/install/ur5_moveit_config/share/ur5_moveit_config/package.ps1'
[2.563s] INFO:colcon.colcon_core.shell:Creating package descriptor '/workspace/install/ur5_moveit_config/share/ur5_moveit_config/package.dsv'
[2.564s] INFO:colcon.colcon_core.shell:Creating package script '/workspace/install/ur5_moveit_config/share/ur5_moveit_config/package.sh'
[2.565s] INFO:colcon.colcon_core.shell:Creating package script '/workspace/install/ur5_moveit_config/share/ur5_moveit_config/package.bash'
[2.566s] INFO:colcon.colcon_core.shell:Creating package script '/workspace/install/ur5_moveit_config/share/ur5_moveit_config/package.zsh'
[2.566s] Level 1:colcon.colcon_core.environment:create_file_with_runtime_dependencies(/workspace/install/ur5_moveit_config/share/colcon-core/packages/ur5_moveit_config)
[2.567s] DEBUG:colcon.colcon_parallel_executor.executor.parallel:closing loop
[2.568s] DEBUG:colcon.colcon_parallel_executor.executor.parallel:loop closed
[2.569s] DEBUG:colcon.colcon_parallel_executor.executor.parallel:run_until_complete finished with '0'
[2.569s] DEBUG:colcon.colcon_core.event_reactor:joining thread
[2.588s] INFO:colcon.colcon_core.plugin_system:Skipping extension 'colcon_notification.desktop_notification.notify_send': Could not find 'notify-send'
[2.589s] INFO:colcon.colcon_core.plugin_system:Skipping extension 'colcon_notification.desktop_notification.terminal_notifier': Not used on non-Darwin systems
[2.589s] INFO:colcon.colcon_core.plugin_system:Skipping extension 'colcon_notification.desktop_notification.win32': Not used on non-Windows systems
[2.589s] INFO:colcon.colcon_notification.desktop_notification:Sending desktop notification using 'notify2'
[2.596s] DEBUG:colcon.colcon_notification.desktop_notification.notify2:Failed to initialize notify2: org.freedesktop.DBus.Error.Spawn.ExecFailed: /usr/bin/dbus-launch terminated abnormally without any error message
[2.596s] DEBUG:colcon.colcon_core.event_reactor:joined thread
[2.597s] INFO:colcon.colcon_core.shell:Creating prefix script '/workspace/install/local_setup.ps1'
[2.599s] INFO:colcon.colcon_core.shell:Creating prefix util module '/workspace/install/_local_setup_util_ps1.py'
[2.606s] INFO:colcon.colcon_core.shell:Creating prefix chain script '/workspace/install/setup.ps1'
[2.608s] INFO:colcon.colcon_core.shell:Creating prefix script '/workspace/install/local_setup.sh'
[2.609s] INFO:colcon.colcon_core.shell:Creating prefix util module '/workspace/install/_local_setup_util_sh.py'
[2.610s] INFO:colcon.colcon_core.shell:Creating prefix chain script '/workspace/install/setup.sh'
[2.612s] INFO:colcon.colcon_core.shell:Creating prefix script '/workspace/install/local_setup.bash'
[2.613s] INFO:colcon.colcon_core.shell:Creating prefix chain script '/workspace/install/setup.bash'
[2.614s] INFO:colcon.colcon_core.shell:Creating prefix script '/workspace/install/local_setup.zsh'
[2.615s] INFO:colcon.colcon_core.shell:Creating prefix chain script '/workspace/install/setup.zsh'
