[0.000000] (-) TimerEvent: {}
[0.001957] (-) JobUnselected: {'identifier': 'bc_training'}
[0.003039] (ur5_gazebo) JobQueued: {'identifier': 'ur5_gazebo', 'dependencies': OrderedDict()}
[0.003855] (ur5_moveit_config) JobQueued: {'identifier': 'ur5_moveit_config', 'dependencies': OrderedDict()}
[0.004198] (ur5_gazebo) JobStarted: {'identifier': 'ur5_gazebo'}
[0.022235] (ur5_moveit_config) JobStarted: {'identifier': 'ur5_moveit_config'}
[0.096980] (-) TimerEvent: {}
[0.200519] (-) TimerEvent: {}
[0.302762] (-) TimerEvent: {}
[0.406014] (-) TimerEvent: {}
[0.506795] (-) TimerEvent: {}
[0.608800] (-) TimerEvent: {}
[0.710761] (-) TimerEvent: {}
[0.811821] (-) TimerEvent: {}
[0.913872] (-) TimerEvent: {}
[1.014785] (-) TimerEvent: {}
[1.115762] (-) TimerEvent: {}
[1.216801] (-) TimerEvent: {}
[1.318406] (-) TimerEvent: {}
[1.406167] (ur5_gazebo) Command: {'cmd': ['/usr/bin/python3', '-W', 'ignore:setup.py install is deprecated', '-W', 'ignore:easy_install command is deprecated', 'setup.py', 'egg_info', '--egg-base', '../../build/ur5_gazebo', 'build', '--build-base', '/workspace/build/ur5_gazebo/build', 'install', '--record', '/workspace/build/ur5_gazebo/install.log', '--single-version-externally-managed', 'install_data'], 'cwd': '/workspace/src/ur5_gazebo', 'env': {'HOSTNAME': 'docker-desktop', 'SHLVL': '1', 'LD_LIBRARY_PATH': '/opt/ros/humble/opt/rviz_ogre_vendor/lib:/opt/ros/humble/lib/x86_64-linux-gnu:/opt/ros/humble/lib', 'HOME': '/root', 'OLDPWD': '/', 'ROS_PYTHON_VERSION': '3', 'ROS_DISTRO': 'humble', '_': '/usr/bin/colcon', 'ROS_VERSION': '2', 'ROS_LOCALHOST_ONLY': '0', 'QT_X11_NO_MITSHM': '1', 'PATH': '/opt/ros/humble/bin:/usr/local/sbin:/usr/local/bin:/usr/sbin:/usr/bin:/sbin:/bin', 'DISPLAY': '/private/tmp/com.apple.launchd.f8ctnhmDHP/org.xquartz:0', 'LANG': 'C.UTF-8', 'AMENT_PREFIX_PATH': '/opt/ros/humble', 'PWD': '/workspace/build/ur5_gazebo', 'LC_ALL': 'C.UTF-8', 'PYTHONPATH': '/workspace/build/ur5_gazebo/prefix_override:/usr/lib/python3/dist-packages/colcon_core/task/python/colcon_distutils_commands:/workspace/install/ur5_gazebo/lib/python3.10/site-packages:/opt/ros/humble/lib/python3.10/site-packages:/opt/ros/humble/local/lib/python3.10/dist-packages', 'COLCON': '1'}, 'shell': False}
[1.418892] (-) TimerEvent: {}
[1.441404] (ur5_moveit_config) Command: {'cmd': ['/usr/bin/python3', '-W', 'ignore:setup.py install is deprecated', '-W', 'ignore:easy_install command is deprecated', 'setup.py', 'egg_info', '--egg-base', '../../build/ur5_moveit_config', 'build', '--build-base', '/workspace/build/ur5_moveit_config/build', 'install', '--record', '/workspace/build/ur5_moveit_config/install.log', '--single-version-externally-managed', 'install_data'], 'cwd': '/workspace/src/ur5_moveit_config', 'env': {'HOSTNAME': 'docker-desktop', 'SHLVL': '1', 'LD_LIBRARY_PATH': '/opt/ros/humble/opt/rviz_ogre_vendor/lib:/opt/ros/humble/lib/x86_64-linux-gnu:/opt/ros/humble/lib', 'HOME': '/root', 'OLDPWD': '/', 'ROS_PYTHON_VERSION': '3', 'ROS_DISTRO': 'humble', '_': '/usr/bin/colcon', 'ROS_VERSION': '2', 'ROS_LOCALHOST_ONLY': '0', 'QT_X11_NO_MITSHM': '1', 'PATH': '/opt/ros/humble/bin:/usr/local/sbin:/usr/local/bin:/usr/sbin:/usr/bin:/sbin:/bin', 'DISPLAY': '/private/tmp/com.apple.launchd.f8ctnhmDHP/org.xquartz:0', 'LANG': 'C.UTF-8', 'AMENT_PREFIX_PATH': '/opt/ros/humble', 'PWD': '/workspace/build/ur5_moveit_config', 'LC_ALL': 'C.UTF-8', 'PYTHONPATH': '/workspace/build/ur5_moveit_config/prefix_override:/usr/lib/python3/dist-packages/colcon_core/task/python/colcon_distutils_commands:/workspace/install/ur5_moveit_config/lib/python3.10/site-packages:/opt/ros/humble/lib/python3.10/site-packages:/opt/ros/humble/local/lib/python3.10/dist-packages', 'COLCON': '1'}, 'shell': False}
[1.519760] (-) TimerEvent: {}
[1.627760] (-) TimerEvent: {}
[1.731773] (-) TimerEvent: {}
[1.783918] (ur5_gazebo) StdoutLine: {'line': b'running egg_info\n'}
[1.785086] (ur5_gazebo) StdoutLine: {'line': b'writing ../../build/ur5_gazebo/ur5_gazebo.egg-info/PKG-INFO\n'}
[1.786024] (ur5_gazebo) StdoutLine: {'line': b'writing dependency_links to ../../build/ur5_gazebo/ur5_gazebo.egg-info/dependency_links.txt\n'}
[1.786861] (ur5_gazebo) StdoutLine: {'line': b'writing entry points to ../../build/ur5_gazebo/ur5_gazebo.egg-info/entry_points.txt\n'}
[1.787869] (ur5_gazebo) StdoutLine: {'line': b'writing requirements to ../../build/ur5_gazebo/ur5_gazebo.egg-info/requires.txt\n'}
[1.788491] (ur5_gazebo) StdoutLine: {'line': b'writing top-level names to ../../build/ur5_gazebo/ur5_gazebo.egg-info/top_level.txt\n'}
[1.792252] (ur5_gazebo) StdoutLine: {'line': b"reading manifest file '../../build/ur5_gazebo/ur5_gazebo.egg-info/SOURCES.txt'\n"}
[1.794730] (ur5_gazebo) StdoutLine: {'line': b"writing manifest file '../../build/ur5_gazebo/ur5_gazebo.egg-info/SOURCES.txt'\n"}
[1.795820] (ur5_gazebo) StdoutLine: {'line': b'running build\n'}
[1.796225] (ur5_gazebo) StdoutLine: {'line': b'running build_py\n'}
[1.799848] (ur5_gazebo) StdoutLine: {'line': b'running install\n'}
[1.800919] (ur5_gazebo) StdoutLine: {'line': b'running install_lib\n'}
[1.804004] (ur5_gazebo) StdoutLine: {'line': b'running install_data\n'}
[1.806498] (ur5_gazebo) StdoutLine: {'line': b'running install_egg_info\n'}
[1.808282] (ur5_gazebo) StdoutLine: {'line': b"removing '/workspace/install/ur5_gazebo/lib/python3.10/site-packages/ur5_gazebo-0.0.0-py3.10.egg-info' (and everything under it)\n"}
[1.810422] (ur5_gazebo) StdoutLine: {'line': b'Copying ../../build/ur5_gazebo/ur5_gazebo.egg-info to /workspace/install/ur5_gazebo/lib/python3.10/site-packages/ur5_gazebo-0.0.0-py3.10.egg-info\n'}
[1.830283] (ur5_gazebo) StdoutLine: {'line': b'running install_scripts\n'}
[1.832769] (-) TimerEvent: {}
[1.833073] (ur5_moveit_config) StdoutLine: {'line': b'running egg_info\n'}
[1.834041] (ur5_moveit_config) StdoutLine: {'line': b'writing ../../build/ur5_moveit_config/ur5_moveit_config.egg-info/PKG-INFO\n'}
[1.839945] (ur5_moveit_config) StdoutLine: {'line': b'writing dependency_links to ../../build/ur5_moveit_config/ur5_moveit_config.egg-info/dependency_links.txt\n'}
[1.841045] (ur5_moveit_config) StdoutLine: {'line': b'writing entry points to ../../build/ur5_moveit_config/ur5_moveit_config.egg-info/entry_points.txt\n'}
[1.841988] (ur5_moveit_config) StdoutLine: {'line': b'writing requirements to ../../build/ur5_moveit_config/ur5_moveit_config.egg-info/requires.txt\n'}
[1.842771] (ur5_moveit_config) StdoutLine: {'line': b'writing top-level names to ../../build/ur5_moveit_config/ur5_moveit_config.egg-info/top_level.txt\n'}
[1.847393] (ur5_moveit_config) StdoutLine: {'line': b"reading manifest file '../../build/ur5_moveit_config/ur5_moveit_config.egg-info/SOURCES.txt'\n"}
[1.849729] (ur5_moveit_config) StdoutLine: {'line': b"writing manifest file '../../build/ur5_moveit_config/ur5_moveit_config.egg-info/SOURCES.txt'\n"}
[1.850379] (ur5_moveit_config) StdoutLine: {'line': b'running build\n'}
[1.850866] (ur5_moveit_config) StdoutLine: {'line': b'running build_py\n'}
[1.851816] (ur5_moveit_config) StdoutLine: {'line': b'running install\n'}
[1.853285] (ur5_moveit_config) StdoutLine: {'line': b'running install_lib\n'}
[1.854788] (ur5_moveit_config) StdoutLine: {'line': b'running install_data\n'}
[1.856916] (ur5_moveit_config) StdoutLine: {'line': b'running install_egg_info\n'}
[1.859168] (ur5_moveit_config) StdoutLine: {'line': b"removing '/workspace/install/ur5_moveit_config/lib/python3.10/site-packages/ur5_moveit_config-0.0.0-py3.10.egg-info' (and everything under it)\n"}
[1.861038] (ur5_moveit_config) StdoutLine: {'line': b'Copying ../../build/ur5_moveit_config/ur5_moveit_config.egg-info to /workspace/install/ur5_moveit_config/lib/python3.10/site-packages/ur5_moveit_config-0.0.0-py3.10.egg-info\n'}
[1.873759] (ur5_gazebo) StdoutLine: {'line': b'Installing bc_policy_controller script to /workspace/install/ur5_gazebo/bin\n'}
[1.875968] (ur5_gazebo) StdoutLine: {'line': b'Installing camera_detector script to /workspace/install/ur5_gazebo/bin\n'}
[1.878236] (ur5_moveit_config) StdoutLine: {'line': b'running install_scripts\n'}
[1.879065] (ur5_gazebo) StdoutLine: {'line': b'Installing comparison_evaluator script to /workspace/install/ur5_gazebo/bin\n'}
[1.879742] (ur5_gazebo) StdoutLine: {'line': b'Installing demo_recorder script to /workspace/install/ur5_gazebo/bin\n'}
[1.880557] (ur5_gazebo) StdoutLine: {'line': b'Installing pick_place_controller script to /workspace/install/ur5_gazebo/bin\n'}
[1.881873] (ur5_gazebo) StdoutLine: {'line': b"writing list of installed files to '/workspace/build/ur5_gazebo/install.log'\n"}
[1.908762] (ur5_gazebo) CommandEnded: {'returncode': 0}
[1.933805] (-) TimerEvent: {}
[1.967727] (ur5_gazebo) JobEnded: {'identifier': 'ur5_gazebo', 'rc': 0}
[1.971032] (ur5_moveit_config) StdoutLine: {'line': b"writing list of installed files to '/workspace/build/ur5_moveit_config/install.log'\n"}
[1.972003] (ur5_moveit_config) CommandEnded: {'returncode': 0}
[1.988392] (ur5_moveit_config) JobEnded: {'identifier': 'ur5_moveit_config', 'rc': 0}
[1.990412] (-) EventReactorShutdown: {}
